[    1074ms] [WARNING] @builder.io/partytown package has changed organization and now is
@qwik.dev/partytown https://www.npmjs.com/package/@qwik.dev/partytown
We recommend using the new package to stay up to date on feature releases and bug fixes. @ https://www.woodbrotherscarpet.com/~partytown/partytown-sandbox-sw.html?1771303066521:1
[    1122ms] Uncaught Error: Minified React error #418; visit https://react.dev/errors/418 for the full message or use the non-minified dev environment for full errors and additional helpful warnings.
    at t5 (https://clientassets.web.broadlume.com/builds/eefa7d131e790ed064c6ea0647c707a906bd8fbc/_next/static/chunks/7882b993-c339a6be2b7feb02.js:0:25056)
    at iZ (https://clientassets.web.broadlume.com/builds/eefa7d131e790ed064c6ea0647c707a906bd8fbc/_next/static/chunks/7882b993-c339a6be2b7feb02.js:0:120921)
    at ia (https://clientassets.web.broadlume.com/builds/eefa7d131e790ed064c6ea0647c707a906bd8fbc/_next/static/chunks/7882b993-c339a6be2b7feb02.js:0:95548)
    at <anonymous> (https://clientassets.web.broadlume.com/builds/eefa7d131e790ed064c6ea0647c707a906bd8fbc/_next/static/chunks/7882b993-c339a6be2b7feb02.js:0:91474)
    at <anonymous> (https://clientassets.web.broadlume.com/builds/eefa7d131e790ed064c6ea0647c707a906bd8fbc/_next/static/chunks/7882b993-c339a6be2b7feb02.js:0:91481)
    at oZ (https://clientassets.web.broadlume.com/builds/eefa7d131e790ed064c6ea0647c707a906bd8fbc/_next/static/chunks/7882b993-c339a6be2b7feb02.js:0:91586)
    at j (https://clientassets.web.broadlume.com/builds/eefa7d131e790ed064c6ea0647c707a906bd8fbc/_next/static/chunks/609-3bbd49d29636b843.js:5:8310)
[    1122ms] Uncaught Error: Minified React error #418; visit https://react.dev/errors/418 for the full message or use the non-minified dev environment for full errors and additional helpful warnings.
    at t5 (https://clientassets.web.broadlume.com/builds/eefa7d131e790ed064c6ea0647c707a906bd8fbc/_next/static/chunks/7882b993-c339a6be2b7feb02.js:0:25056)
    at iZ (https://clientassets.web.broadlume.com/builds/eefa7d131e790ed064c6ea0647c707a906bd8fbc/_next/static/chunks/7882b993-c339a6be2b7feb02.js:0:120921)
    at ia (https://clientassets.web.broadlume.com/builds/eefa7d131e790ed064c6ea0647c707a906bd8fbc/_next/static/chunks/7882b993-c339a6be2b7feb02.js:0:95548)
    at <anonymous> (https://clientassets.web.broadlume.com/builds/eefa7d131e790ed064c6ea0647c707a906bd8fbc/_next/static/chunks/7882b993-c339a6be2b7feb02.js:0:91474)
    at <anonymous> (https://clientassets.web.broadlume.com/builds/eefa7d131e790ed064c6ea0647c707a906bd8fbc/_next/static/chunks/7882b993-c339a6be2b7feb02.js:0:91481)
    at oZ (https://clientassets.web.broadlume.com/builds/eefa7d131e790ed064c6ea0647c707a906bd8fbc/_next/static/chunks/7882b993-c339a6be2b7feb02.js:0:91586)
    at j (https://clientassets.web.broadlume.com/builds/eefa7d131e790ed064c6ea0647c707a906bd8fbc/_next/static/chunks/609-3bbd49d29636b843.js:5:8310)
[    1122ms] Uncaught Error: Minified React error #418; visit https://react.dev/errors/418 for the full message or use the non-minified dev environment for full errors and additional helpful warnings.
    at t5 (https://clientassets.web.broadlume.com/builds/eefa7d131e790ed064c6ea0647c707a906bd8fbc/_next/static/chunks/7882b993-c339a6be2b7feb02.js:0:25056)
    at iZ (https://clientassets.web.broadlume.com/builds/eefa7d131e790ed064c6ea0647c707a906bd8fbc/_next/static/chunks/7882b993-c339a6be2b7feb02.js:0:120921)
    at ia (https://clientassets.web.broadlume.com/builds/eefa7d131e790ed064c6ea0647c707a906bd8fbc/_next/static/chunks/7882b993-c339a6be2b7feb02.js:0:95548)
    at <anonymous> (https://clientassets.web.broadlume.com/builds/eefa7d131e790ed064c6ea0647c707a906bd8fbc/_next/static/chunks/7882b993-c339a6be2b7feb02.js:0:91474)
    at <anonymous> (https://clientassets.web.broadlume.com/builds/eefa7d131e790ed064c6ea0647c707a906bd8fbc/_next/static/chunks/7882b993-c339a6be2b7feb02.js:0:91481)
    at oZ (https://clientassets.web.broadlume.com/builds/eefa7d131e790ed064c6ea0647c707a906bd8fbc/_next/static/chunks/7882b993-c339a6be2b7feb02.js:0:91586)
    at j (https://clientassets.web.broadlume.com/builds/eefa7d131e790ed064c6ea0647c707a906bd8fbc/_next/static/chunks/609-3bbd49d29636b843.js:5:8310)
[    1122ms] Uncaught Error: Minified React error #418; visit https://react.dev/errors/418 for the full message or use the non-minified dev environment for full errors and additional helpful warnings.
    at t5 (https://clientassets.web.broadlume.com/builds/eefa7d131e790ed064c6ea0647c707a906bd8fbc/_next/static/chunks/7882b993-c339a6be2b7feb02.js:0:25056)
    at iZ (https://clientassets.web.broadlume.com/builds/eefa7d131e790ed064c6ea0647c707a906bd8fbc/_next/static/chunks/7882b993-c339a6be2b7feb02.js:0:120921)
    at ia (https://clientassets.web.broadlume.com/builds/eefa7d131e790ed064c6ea0647c707a906bd8fbc/_next/static/chunks/7882b993-c339a6be2b7feb02.js:0:95548)
    at <anonymous> (https://clientassets.web.broadlume.com/builds/eefa7d131e790ed064c6ea0647c707a906bd8fbc/_next/static/chunks/7882b993-c339a6be2b7feb02.js:0:91474)
    at <anonymous> (https://clientassets.web.broadlume.com/builds/eefa7d131e790ed064c6ea0647c707a906bd8fbc/_next/static/chunks/7882b993-c339a6be2b7feb02.js:0:91481)
    at oZ (https://clientassets.web.broadlume.com/builds/eefa7d131e790ed064c6ea0647c707a906bd8fbc/_next/static/chunks/7882b993-c339a6be2b7feb02.js:0:91586)
    at j (https://clientassets.web.broadlume.com/builds/eefa7d131e790ed064c6ea0647c707a906bd8fbc/_next/static/chunks/609-3bbd49d29636b843.js:5:8310)
[    1123ms] Uncaught Error: Minified React error #418; visit https://react.dev/errors/418 for the full message or use the non-minified dev environment for full errors and additional helpful warnings.
    at t5 (https://clientassets.web.broadlume.com/builds/eefa7d131e790ed064c6ea0647c707a906bd8fbc/_next/static/chunks/7882b993-c339a6be2b7feb02.js:0:25056)
    at iZ (https://clientassets.web.broadlume.com/builds/eefa7d131e790ed064c6ea0647c707a906bd8fbc/_next/static/chunks/7882b993-c339a6be2b7feb02.js:0:120921)
    at ia (https://clientassets.web.broadlume.com/builds/eefa7d131e790ed064c6ea0647c707a906bd8fbc/_next/static/chunks/7882b993-c339a6be2b7feb02.js:0:95548)
    at <anonymous> (https://clientassets.web.broadlume.com/builds/eefa7d131e790ed064c6ea0647c707a906bd8fbc/_next/static/chunks/7882b993-c339a6be2b7feb02.js:0:91474)
    at <anonymous> (https://clientassets.web.broadlume.com/builds/eefa7d131e790ed064c6ea0647c707a906bd8fbc/_next/static/chunks/7882b993-c339a6be2b7feb02.js:0:91481)
    at oZ (https://clientassets.web.broadlume.com/builds/eefa7d131e790ed064c6ea0647c707a906bd8fbc/_next/static/chunks/7882b993-c339a6be2b7feb02.js:0:91586)
    at j (https://clientassets.web.broadlume.com/builds/eefa7d131e790ed064c6ea0647c707a906bd8fbc/_next/static/chunks/609-3bbd49d29636b843.js:5:8310)
[    1123ms] Uncaught Error: Minified React error #418; visit https://react.dev/errors/418 for the full message or use the non-minified dev environment for full errors and additional helpful warnings.
    at t5 (https://clientassets.web.broadlume.com/builds/eefa7d131e790ed064c6ea0647c707a906bd8fbc/_next/static/chunks/7882b993-c339a6be2b7feb02.js:0:25056)
    at iZ (https://clientassets.web.broadlume.com/builds/eefa7d131e790ed064c6ea0647c707a906bd8fbc/_next/static/chunks/7882b993-c339a6be2b7feb02.js:0:120921)
    at ia (https://clientassets.web.broadlume.com/builds/eefa7d131e790ed064c6ea0647c707a906bd8fbc/_next/static/chunks/7882b993-c339a6be2b7feb02.js:0:95548)
    at <anonymous> (https://clientassets.web.broadlume.com/builds/eefa7d131e790ed064c6ea0647c707a906bd8fbc/_next/static/chunks/7882b993-c339a6be2b7feb02.js:0:91474)
    at <anonymous> (https://clientassets.web.broadlume.com/builds/eefa7d131e790ed064c6ea0647c707a906bd8fbc/_next/static/chunks/7882b993-c339a6be2b7feb02.js:0:91481)
    at oZ (https://clientassets.web.broadlume.com/builds/eefa7d131e790ed064c6ea0647c707a906bd8fbc/_next/static/chunks/7882b993-c339a6be2b7feb02.js:0:91586)
    at j (https://clientassets.web.broadlume.com/builds/eefa7d131e790ed064c6ea0647c707a906bd8fbc/_next/static/chunks/609-3bbd49d29636b843.js:5:8310)
[    1123ms] Uncaught Error: Minified React error #418; visit https://react.dev/errors/418 for the full message or use the non-minified dev environment for full errors and additional helpful warnings.
    at t5 (https://clientassets.web.broadlume.com/builds/eefa7d131e790ed064c6ea0647c707a906bd8fbc/_next/static/chunks/7882b993-c339a6be2b7feb02.js:0:25056)
    at iZ (https://clientassets.web.broadlume.com/builds/eefa7d131e790ed064c6ea0647c707a906bd8fbc/_next/static/chunks/7882b993-c339a6be2b7feb02.js:0:120921)
    at ia (https://clientassets.web.broadlume.com/builds/eefa7d131e790ed064c6ea0647c707a906bd8fbc/_next/static/chunks/7882b993-c339a6be2b7feb02.js:0:95548)
    at <anonymous> (https://clientassets.web.broadlume.com/builds/eefa7d131e790ed064c6ea0647c707a906bd8fbc/_next/static/chunks/7882b993-c339a6be2b7feb02.js:0:91474)
    at <anonymous> (https://clientassets.web.broadlume.com/builds/eefa7d131e790ed064c6ea0647c707a906bd8fbc/_next/static/chunks/7882b993-c339a6be2b7feb02.js:0:91481)
    at oZ (https://clientassets.web.broadlume.com/builds/eefa7d131e790ed064c6ea0647c707a906bd8fbc/_next/static/chunks/7882b993-c339a6be2b7feb02.js:0:91586)
    at j (https://clientassets.web.broadlume.com/builds/eefa7d131e790ed064c6ea0647c707a906bd8fbc/_next/static/chunks/609-3bbd49d29636b843.js:5:8310)
[    1123ms] Uncaught Error: Minified React error #418; visit https://react.dev/errors/418 for the full message or use the non-minified dev environment for full errors and additional helpful warnings.
    at t5 (https://clientassets.web.broadlume.com/builds/eefa7d131e790ed064c6ea0647c707a906bd8fbc/_next/static/chunks/7882b993-c339a6be2b7feb02.js:0:25056)
    at iZ (https://clientassets.web.broadlume.com/builds/eefa7d131e790ed064c6ea0647c707a906bd8fbc/_next/static/chunks/7882b993-c339a6be2b7feb02.js:0:120921)
    at ia (https://clientassets.web.broadlume.com/builds/eefa7d131e790ed064c6ea0647c707a906bd8fbc/_next/static/chunks/7882b993-c339a6be2b7feb02.js:0:95548)
    at <anonymous> (https://clientassets.web.broadlume.com/builds/eefa7d131e790ed064c6ea0647c707a906bd8fbc/_next/static/chunks/7882b993-c339a6be2b7feb02.js:0:91474)
    at <anonymous> (https://clientassets.web.broadlume.com/builds/eefa7d131e790ed064c6ea0647c707a906bd8fbc/_next/static/chunks/7882b993-c339a6be2b7feb02.js:0:91481)
    at oZ (https://clientassets.web.broadlume.com/builds/eefa7d131e790ed064c6ea0647c707a906bd8fbc/_next/static/chunks/7882b993-c339a6be2b7feb02.js:0:91586)
    at j (https://clientassets.web.broadlume.com/builds/eefa7d131e790ed064c6ea0647c707a906bd8fbc/_next/static/chunks/609-3bbd49d29636b843.js:5:8310)
[    1123ms] Uncaught Error: Minified React error #423; visit https://react.dev/errors/423 for the full message or use the non-minified dev environment for full errors and additional helpful warnings.
    at iZ (https://clientassets.web.broadlume.com/builds/eefa7d131e790ed064c6ea0647c707a906bd8fbc/_next/static/chunks/7882b993-c339a6be2b7feb02.js:0:118735)
    at ia (https://clientassets.web.broadlume.com/builds/eefa7d131e790ed064c6ea0647c707a906bd8fbc/_next/static/chunks/7882b993-c339a6be2b7feb02.js:0:95548)
    at <anonymous> (https://clientassets.web.broadlume.com/builds/eefa7d131e790ed064c6ea0647c707a906bd8fbc/_next/static/chunks/7882b993-c339a6be2b7feb02.js:0:95370)
    at il (https://clientassets.web.broadlume.com/builds/eefa7d131e790ed064c6ea0647c707a906bd8fbc/_next/static/chunks/7882b993-c339a6be2b7feb02.js:0:95377)
    at oJ (https://clientassets.web.broadlume.com/builds/eefa7d131e790ed064c6ea0647c707a906bd8fbc/_next/static/chunks/7882b993-c339a6be2b7feb02.js:0:92733)
    at oZ (https://clientassets.web.broadlume.com/builds/eefa7d131e790ed064c6ea0647c707a906bd8fbc/_next/static/chunks/7882b993-c339a6be2b7feb02.js:0:92152)
    at j (https://clientassets.web.broadlume.com/builds/eefa7d131e790ed064c6ea0647c707a906bd8fbc/_next/static/chunks/609-3bbd49d29636b843.js:5:8310)
[    1964ms] [ERROR] Attestation check for Attribution Reporting on https://www.facebook.com failed. @ https://www.woodbrotherscarpet.com/:0
[    1964ms] Uncaught (in promise) TypeError: Cannot read properties of null (reading 'dataset')
    at <anonymous> (https://adhawk-marketplace-assets.s3-us-west-1.amazonaws.com/index-factory.js:0:107059)
    at value (https://adhawk-marketplace-assets.s3-us-west-1.amazonaws.com/index-factory.js:0:110022)
    at <anonymous> (https://adhawk-marketplace-assets.s3-us-west-1.amazonaws.com/index-factory.js:0:110456)
    at <anonymous> (https://cdn.dhq.technology/www.woodbrotherscarpet.com/public/ez-commerce.b70f04b1.js:0:2560)
    at x (https://cdn.dhq.technology/www.woodbrotherscarpet.com/public/main.js:9:1400)
    at <anonymous> (https://cdn.dhq.technology/www.woodbrotherscarpet.com/public/main.js:9:1153)
    at <anonymous> (https://cdn.dhq.technology/www.woodbrotherscarpet.com/public/main.js:9:1737)
    at i (https://cdn.dhq.technology/www.woodbrotherscarpet.com/public/main.js:9:12536)
    at a (https://cdn.dhq.technology/www.woodbrotherscarpet.com/public/main.js:9:12731)
[    9982ms] [WARNING] The resource https://www.facebook.com/tr?id=476583049386742&ev=PageView&noscript=1 was preloaded using link preload but not used within a few seconds from the window's load event. Please make sure it has an appropriate `as` value and it is preloaded intentionally. @ https://www.woodbrotherscarpet.com/:0
