[      34ms] Error: Missing required parameters: sitekey
    at Ya.<anonymous> (https://www.gstatic.com/recaptcha/releases/vUgXt_KV952_-5BB2jjloYzl/recaptcha__en.js:261:132)
    at new Ya (https://www.gstatic.com/recaptcha/releases/vUgXt_KV952_-5BB2jjloYzl/recaptcha__en.js:1007:322)
    at Lq.<anonymous> (https://www.gstatic.com/recaptcha/releases/vUgXt_KV952_-5BB2jjloYzl/recaptcha__en.js:593:240)
    at new Lq (https://www.gstatic.com/recaptcha/releases/vUgXt_KV952_-5BB2jjloYzl/recaptcha__en.js:808:55)
    at https://www.gstatic.com/recaptcha/releases/vUgXt_KV952_-5BB2jjloYzl/recaptcha__en.js:383:185
    at HTMLDivElement.<anonymous> (https://www.westerngutters.com/wp-content/plugins/gravityforms/js/gravityforms.min.js?ver=2.9.25:1:30812)
    at ce.each (https://www.westerngutters.com/wp-includes/js/jquery/jquery.min.js?ver=3.7.1:2:3129)
    at ce.each (https://www.westerngutters.com/wp-includes/js/jquery/jquery.min.js?ver=3.7.1:2:1594)
    at renderRecaptcha (https://www.westerngutters.com/wp-content/plugins/gravityforms/js/gravityforms.min.js?ver=2.9.25:1:30376)
    at https://www.westerngutters.com/wp-content/plugins/gravityforms/js/gravityforms.min.js?ver=2.9.25:1:33346
[      35ms] Error: Missing required parameters: sitekey
    at Ya.<anonymous> (https://www.gstatic.com/recaptcha/releases/vUgXt_KV952_-5BB2jjloYzl/recaptcha__en.js:261:132)
    at new Ya (https://www.gstatic.com/recaptcha/releases/vUgXt_KV952_-5BB2jjloYzl/recaptcha__en.js:1007:322)
    at Lq.<anonymous> (https://www.gstatic.com/recaptcha/releases/vUgXt_KV952_-5BB2jjloYzl/recaptcha__en.js:593:240)
    at new Lq (https://www.gstatic.com/recaptcha/releases/vUgXt_KV952_-5BB2jjloYzl/recaptcha__en.js:808:55)
    at https://www.gstatic.com/recaptcha/releases/vUgXt_KV952_-5BB2jjloYzl/recaptcha__en.js:383:185
    at HTMLDivElement.<anonymous> (https://www.westerngutters.com/wp-content/plugins/gravityforms/js/gravityforms.min.js?ver=2.9.25:1:30812)
    at ce.each (https://www.westerngutters.com/wp-includes/js/jquery/jquery.min.js?ver=3.7.1:2:3129)
    at ce.each (https://www.westerngutters.com/wp-includes/js/jquery/jquery.min.js?ver=3.7.1:2:1594)
    at renderRecaptcha (https://www.westerngutters.com/wp-content/plugins/gravityforms/js/gravityforms.min.js?ver=2.9.25:1:30376)
    at https://www.westerngutters.com/wp-content/plugins/gravityforms/js/gravityforms.min.js?ver=2.9.25:1:33346
[     146ms] Error: Missing required parameters: sitekey
    at Ya.<anonymous> (https://www.gstatic.com/recaptcha/releases/vUgXt_KV952_-5BB2jjloYzl/recaptcha__en.js:261:132)
    at new Ya (https://www.gstatic.com/recaptcha/releases/vUgXt_KV952_-5BB2jjloYzl/recaptcha__en.js:1007:322)
    at Lq.<anonymous> (https://www.gstatic.com/recaptcha/releases/vUgXt_KV952_-5BB2jjloYzl/recaptcha__en.js:593:240)
    at new Lq (https://www.gstatic.com/recaptcha/releases/vUgXt_KV952_-5BB2jjloYzl/recaptcha__en.js:808:55)
    at https://www.gstatic.com/recaptcha/releases/vUgXt_KV952_-5BB2jjloYzl/recaptcha__en.js:383:185
    at HTMLDivElement.<anonymous> (https://www.westerngutters.com/wp-content/plugins/gravityforms/js/gravityforms.min.js?ver=2.9.25:1:30812)
    at ce.each (https://www.westerngutters.com/wp-includes/js/jquery/jquery.min.js?ver=3.7.1:2:3129)
    at ce.each (https://www.westerngutters.com/wp-includes/js/jquery/jquery.min.js?ver=3.7.1:2:1594)
    at renderRecaptcha (https://www.westerngutters.com/wp-content/plugins/gravityforms/js/gravityforms.min.js?ver=2.9.25:1:30376)
    at https://www.westerngutters.com/wp-content/plugins/gravityforms/js/gravityforms.min.js?ver=2.9.25:1:33346
[     148ms] Error: Missing required parameters: sitekey
    at Ya.<anonymous> (https://www.gstatic.com/recaptcha/releases/vUgXt_KV952_-5BB2jjloYzl/recaptcha__en.js:261:132)
    at new Ya (https://www.gstatic.com/recaptcha/releases/vUgXt_KV952_-5BB2jjloYzl/recaptcha__en.js:1007:322)
    at Lq.<anonymous> (https://www.gstatic.com/recaptcha/releases/vUgXt_KV952_-5BB2jjloYzl/recaptcha__en.js:593:240)
    at new Lq (https://www.gstatic.com/recaptcha/releases/vUgXt_KV952_-5BB2jjloYzl/recaptcha__en.js:808:55)
    at https://www.gstatic.com/recaptcha/releases/vUgXt_KV952_-5BB2jjloYzl/recaptcha__en.js:383:185
    at HTMLDivElement.<anonymous> (https://www.westerngutters.com/wp-content/plugins/gravityforms/js/gravityforms.min.js?ver=2.9.25:1:30812)
    at ce.each (https://www.westerngutters.com/wp-includes/js/jquery/jquery.min.js?ver=3.7.1:2:3129)
    at ce.each (https://www.westerngutters.com/wp-includes/js/jquery/jquery.min.js?ver=3.7.1:2:1594)
    at renderRecaptcha (https://www.westerngutters.com/wp-content/plugins/gravityforms/js/gravityforms.min.js?ver=2.9.25:1:30376)
    at https://www.westerngutters.com/wp-content/plugins/gravityforms/js/gravityforms.min.js?ver=2.9.25:1:33346
[     233ms] Error: Missing required parameters: sitekey
    at Ya.<anonymous> (https://www.gstatic.com/recaptcha/releases/vUgXt_KV952_-5BB2jjloYzl/recaptcha__en.js:261:132)
    at new Ya (https://www.gstatic.com/recaptcha/releases/vUgXt_KV952_-5BB2jjloYzl/recaptcha__en.js:1007:322)
    at Lq.<anonymous> (https://www.gstatic.com/recaptcha/releases/vUgXt_KV952_-5BB2jjloYzl/recaptcha__en.js:593:240)
    at new Lq (https://www.gstatic.com/recaptcha/releases/vUgXt_KV952_-5BB2jjloYzl/recaptcha__en.js:808:55)
    at https://www.gstatic.com/recaptcha/releases/vUgXt_KV952_-5BB2jjloYzl/recaptcha__en.js:383:185
    at HTMLDivElement.<anonymous> (https://www.westerngutters.com/wp-content/plugins/gravityforms/js/gravityforms.min.js?ver=2.9.25:1:30812)
    at ce.each (https://www.westerngutters.com/wp-includes/js/jquery/jquery.min.js?ver=3.7.1:2:3129)
    at ce.each (https://www.westerngutters.com/wp-includes/js/jquery/jquery.min.js?ver=3.7.1:2:1594)
    at renderRecaptcha (https://www.westerngutters.com/wp-content/plugins/gravityforms/js/gravityforms.min.js?ver=2.9.25:1:30376)
    at https://www.westerngutters.com/wp-content/plugins/gravityforms/js/gravityforms.min.js?ver=2.9.25:1:33346
[     233ms] Error: Missing required parameters: sitekey
    at Ya.<anonymous> (https://www.gstatic.com/recaptcha/releases/vUgXt_KV952_-5BB2jjloYzl/recaptcha__en.js:261:132)
    at new Ya (https://www.gstatic.com/recaptcha/releases/vUgXt_KV952_-5BB2jjloYzl/recaptcha__en.js:1007:322)
    at Lq.<anonymous> (https://www.gstatic.com/recaptcha/releases/vUgXt_KV952_-5BB2jjloYzl/recaptcha__en.js:593:240)
    at new Lq (https://www.gstatic.com/recaptcha/releases/vUgXt_KV952_-5BB2jjloYzl/recaptcha__en.js:808:55)
    at https://www.gstatic.com/recaptcha/releases/vUgXt_KV952_-5BB2jjloYzl/recaptcha__en.js:383:185
    at HTMLDivElement.<anonymous> (https://www.westerngutters.com/wp-content/plugins/gravityforms/js/gravityforms.min.js?ver=2.9.25:1:30812)
    at ce.each (https://www.westerngutters.com/wp-includes/js/jquery/jquery.min.js?ver=3.7.1:2:3129)
    at ce.each (https://www.westerngutters.com/wp-includes/js/jquery/jquery.min.js?ver=3.7.1:2:1594)
    at renderRecaptcha (https://www.westerngutters.com/wp-content/plugins/gravityforms/js/gravityforms.min.js?ver=2.9.25:1:30376)
    at https://www.westerngutters.com/wp-content/plugins/gravityforms/js/gravityforms.min.js?ver=2.9.25:1:33346
