[      72ms] [ERROR] Failed to load resource: net::ERR_NAME_NOT_RESOLVED @ http://s7.addthis.com/js/300/addthis_widget.js#pubid=ra-5162fff83017c0e0:0
[      72ms] ReferenceError: addthis is not defined
    at http://www.chicoplumbingsolutions.com/:516:3948
[    2206ms] Error: Missing required parameters: sitekey
    at Ya.<anonymous> (https://www.gstatic.com/recaptcha/releases/vUgXt_KV952_-5BB2jjloYzl/recaptcha__en.js:261:132)
    at new Ya (https://www.gstatic.com/recaptcha/releases/vUgXt_KV952_-5BB2jjloYzl/recaptcha__en.js:1007:322)
    at Lq.<anonymous> (https://www.gstatic.com/recaptcha/releases/vUgXt_KV952_-5BB2jjloYzl/recaptcha__en.js:593:240)
    at new Lq (https://www.gstatic.com/recaptcha/releases/vUgXt_KV952_-5BB2jjloYzl/recaptcha__en.js:808:55)
    at https://www.gstatic.com/recaptcha/releases/vUgXt_KV952_-5BB2jjloYzl/recaptcha__en.js:383:185
    at HTMLDivElement.<anonymous> (https://www.westerngutters.com/wp-content/plugins/gravityforms/js/gravityforms.min.js?ver=2.9.25:1:30812)
    at ce.each (https://www.westerngutters.com/wp-includes/js/jquery/jquery.min.js?ver=3.7.1:2:3129)
    at e.<computed>.each (https://www.westerngutters.com/wp-includes/js/jquery/jquery.min.js?ver=3.7.1:2:1594)
    at renderRecaptcha (https://www.westerngutters.com/wp-content/plugins/gravityforms/js/gravityforms.min.js?ver=2.9.25:1:30376)
    at https://www.westerngutters.com/wp-content/plugins/gravityforms/js/gravityforms.min.js?ver=2.9.25:1:33346
[    2207ms] Error: Missing required parameters: sitekey
    at Ya.<anonymous> (https://www.gstatic.com/recaptcha/releases/vUgXt_KV952_-5BB2jjloYzl/recaptcha__en.js:261:132)
    at new Ya (https://www.gstatic.com/recaptcha/releases/vUgXt_KV952_-5BB2jjloYzl/recaptcha__en.js:1007:322)
    at Lq.<anonymous> (https://www.gstatic.com/recaptcha/releases/vUgXt_KV952_-5BB2jjloYzl/recaptcha__en.js:593:240)
    at new Lq (https://www.gstatic.com/recaptcha/releases/vUgXt_KV952_-5BB2jjloYzl/recaptcha__en.js:808:55)
    at https://www.gstatic.com/recaptcha/releases/vUgXt_KV952_-5BB2jjloYzl/recaptcha__en.js:383:185
    at HTMLDivElement.<anonymous> (https://www.westerngutters.com/wp-content/plugins/gravityforms/js/gravityforms.min.js?ver=2.9.25:1:30812)
    at ce.each (https://www.westerngutters.com/wp-includes/js/jquery/jquery.min.js?ver=3.7.1:2:3129)
    at e.<computed>.each (https://www.westerngutters.com/wp-includes/js/jquery/jquery.min.js?ver=3.7.1:2:1594)
    at renderRecaptcha (https://www.westerngutters.com/wp-content/plugins/gravityforms/js/gravityforms.min.js?ver=2.9.25:1:30376)
    at https://www.westerngutters.com/wp-content/plugins/gravityforms/js/gravityforms.min.js?ver=2.9.25:1:33346
[    2297ms] [ERROR] Failed to load resource: net::ERR_SSL_UNRECOGNIZED_NAME_ALERT @ https://app.rsvponline.com/wt.pl?a=40038&r=:0
[    2304ms] Error: Missing required parameters: sitekey
    at Ya.<anonymous> (https://www.gstatic.com/recaptcha/releases/vUgXt_KV952_-5BB2jjloYzl/recaptcha__en.js:261:132)
    at new Ya (https://www.gstatic.com/recaptcha/releases/vUgXt_KV952_-5BB2jjloYzl/recaptcha__en.js:1007:322)
    at Lq.<anonymous> (https://www.gstatic.com/recaptcha/releases/vUgXt_KV952_-5BB2jjloYzl/recaptcha__en.js:593:240)
    at new Lq (https://www.gstatic.com/recaptcha/releases/vUgXt_KV952_-5BB2jjloYzl/recaptcha__en.js:808:55)
    at https://www.gstatic.com/recaptcha/releases/vUgXt_KV952_-5BB2jjloYzl/recaptcha__en.js:383:185
    at HTMLDivElement.<anonymous> (https://www.westerngutters.com/wp-content/plugins/gravityforms/js/gravityforms.min.js?ver=2.9.25:1:30812)
    at ce.each (https://www.westerngutters.com/wp-includes/js/jquery/jquery.min.js?ver=3.7.1:2:3129)
    at e.<computed>.each (https://www.westerngutters.com/wp-includes/js/jquery/jquery.min.js?ver=3.7.1:2:1594)
    at renderRecaptcha (https://www.westerngutters.com/wp-content/plugins/gravityforms/js/gravityforms.min.js?ver=2.9.25:1:30376)
    at https://www.westerngutters.com/wp-content/plugins/gravityforms/js/gravityforms.min.js?ver=2.9.25:1:33346
[    2307ms] Error: Missing required parameters: sitekey
    at Ya.<anonymous> (https://www.gstatic.com/recaptcha/releases/vUgXt_KV952_-5BB2jjloYzl/recaptcha__en.js:261:132)
    at new Ya (https://www.gstatic.com/recaptcha/releases/vUgXt_KV952_-5BB2jjloYzl/recaptcha__en.js:1007:322)
    at Lq.<anonymous> (https://www.gstatic.com/recaptcha/releases/vUgXt_KV952_-5BB2jjloYzl/recaptcha__en.js:593:240)
    at new Lq (https://www.gstatic.com/recaptcha/releases/vUgXt_KV952_-5BB2jjloYzl/recaptcha__en.js:808:55)
    at https://www.gstatic.com/recaptcha/releases/vUgXt_KV952_-5BB2jjloYzl/recaptcha__en.js:383:185
    at HTMLDivElement.<anonymous> (https://www.westerngutters.com/wp-content/plugins/gravityforms/js/gravityforms.min.js?ver=2.9.25:1:30812)
    at ce.each (https://www.westerngutters.com/wp-includes/js/jquery/jquery.min.js?ver=3.7.1:2:3129)
    at e.<computed>.each (https://www.westerngutters.com/wp-includes/js/jquery/jquery.min.js?ver=3.7.1:2:1594)
    at renderRecaptcha (https://www.westerngutters.com/wp-content/plugins/gravityforms/js/gravityforms.min.js?ver=2.9.25:1:30376)
    at https://www.westerngutters.com/wp-content/plugins/gravityforms/js/gravityforms.min.js?ver=2.9.25:1:33346
[    2415ms] Error: Missing required parameters: sitekey
    at Ya.<anonymous> (https://www.gstatic.com/recaptcha/releases/vUgXt_KV952_-5BB2jjloYzl/recaptcha__en.js:261:132)
    at new Ya (https://www.gstatic.com/recaptcha/releases/vUgXt_KV952_-5BB2jjloYzl/recaptcha__en.js:1007:322)
    at Lq.<anonymous> (https://www.gstatic.com/recaptcha/releases/vUgXt_KV952_-5BB2jjloYzl/recaptcha__en.js:593:240)
    at new Lq (https://www.gstatic.com/recaptcha/releases/vUgXt_KV952_-5BB2jjloYzl/recaptcha__en.js:808:55)
    at https://www.gstatic.com/recaptcha/releases/vUgXt_KV952_-5BB2jjloYzl/recaptcha__en.js:383:185
    at HTMLDivElement.<anonymous> (https://www.westerngutters.com/wp-content/plugins/gravityforms/js/gravityforms.min.js?ver=2.9.25:1:30812)
    at ce.each (https://www.westerngutters.com/wp-includes/js/jquery/jquery.min.js?ver=3.7.1:2:3129)
    at e.<computed>.each (https://www.westerngutters.com/wp-includes/js/jquery/jquery.min.js?ver=3.7.1:2:1594)
    at renderRecaptcha (https://www.westerngutters.com/wp-content/plugins/gravityforms/js/gravityforms.min.js?ver=2.9.25:1:30376)
    at https://www.westerngutters.com/wp-content/plugins/gravityforms/js/gravityforms.min.js?ver=2.9.25:1:33346
[    2416ms] Error: Missing required parameters: sitekey
    at Ya.<anonymous> (https://www.gstatic.com/recaptcha/releases/vUgXt_KV952_-5BB2jjloYzl/recaptcha__en.js:261:132)
    at new Ya (https://www.gstatic.com/recaptcha/releases/vUgXt_KV952_-5BB2jjloYzl/recaptcha__en.js:1007:322)
    at Lq.<anonymous> (https://www.gstatic.com/recaptcha/releases/vUgXt_KV952_-5BB2jjloYzl/recaptcha__en.js:593:240)
    at new Lq (https://www.gstatic.com/recaptcha/releases/vUgXt_KV952_-5BB2jjloYzl/recaptcha__en.js:808:55)
    at https://www.gstatic.com/recaptcha/releases/vUgXt_KV952_-5BB2jjloYzl/recaptcha__en.js:383:185
    at HTMLDivElement.<anonymous> (https://www.westerngutters.com/wp-content/plugins/gravityforms/js/gravityforms.min.js?ver=2.9.25:1:30812)
    at ce.each (https://www.westerngutters.com/wp-includes/js/jquery/jquery.min.js?ver=3.7.1:2:3129)
    at e.<computed>.each (https://www.westerngutters.com/wp-includes/js/jquery/jquery.min.js?ver=3.7.1:2:1594)
    at renderRecaptcha (https://www.westerngutters.com/wp-content/plugins/gravityforms/js/gravityforms.min.js?ver=2.9.25:1:30376)
    at https://www.westerngutters.com/wp-content/plugins/gravityforms/js/gravityforms.min.js?ver=2.9.25:1:33346
[    2527ms] Error: Missing required parameters: sitekey
    at Ya.<anonymous> (https://www.gstatic.com/recaptcha/releases/vUgXt_KV952_-5BB2jjloYzl/recaptcha__en.js:261:132)
    at new Ya (https://www.gstatic.com/recaptcha/releases/vUgXt_KV952_-5BB2jjloYzl/recaptcha__en.js:1007:322)
    at Lq.<anonymous> (https://www.gstatic.com/recaptcha/releases/vUgXt_KV952_-5BB2jjloYzl/recaptcha__en.js:593:240)
    at new Lq (https://www.gstatic.com/recaptcha/releases/vUgXt_KV952_-5BB2jjloYzl/recaptcha__en.js:808:55)
    at https://www.gstatic.com/recaptcha/releases/vUgXt_KV952_-5BB2jjloYzl/recaptcha__en.js:383:185
    at HTMLDivElement.<anonymous> (https://www.westerngutters.com/wp-content/plugins/gravityforms/js/gravityforms.min.js?ver=2.9.25:1:30812)
    at ce.each (https://www.westerngutters.com/wp-includes/js/jquery/jquery.min.js?ver=3.7.1:2:3129)
    at e.<computed>.each (https://www.westerngutters.com/wp-includes/js/jquery/jquery.min.js?ver=3.7.1:2:1594)
    at renderRecaptcha (https://www.westerngutters.com/wp-content/plugins/gravityforms/js/gravityforms.min.js?ver=2.9.25:1:30376)
    at https://www.westerngutters.com/wp-content/plugins/gravityforms/js/gravityforms.min.js?ver=2.9.25:1:33346
[    2527ms] Error: Missing required parameters: sitekey
    at Ya.<anonymous> (https://www.gstatic.com/recaptcha/releases/vUgXt_KV952_-5BB2jjloYzl/recaptcha__en.js:261:132)
    at new Ya (https://www.gstatic.com/recaptcha/releases/vUgXt_KV952_-5BB2jjloYzl/recaptcha__en.js:1007:322)
    at Lq.<anonymous> (https://www.gstatic.com/recaptcha/releases/vUgXt_KV952_-5BB2jjloYzl/recaptcha__en.js:593:240)
    at new Lq (https://www.gstatic.com/recaptcha/releases/vUgXt_KV952_-5BB2jjloYzl/recaptcha__en.js:808:55)
    at https://www.gstatic.com/recaptcha/releases/vUgXt_KV952_-5BB2jjloYzl/recaptcha__en.js:383:185
    at HTMLDivElement.<anonymous> (https://www.westerngutters.com/wp-content/plugins/gravityforms/js/gravityforms.min.js?ver=2.9.25:1:30812)
    at ce.each (https://www.westerngutters.com/wp-includes/js/jquery/jquery.min.js?ver=3.7.1:2:3129)
    at e.<computed>.each (https://www.westerngutters.com/wp-includes/js/jquery/jquery.min.js?ver=3.7.1:2:1594)
    at renderRecaptcha (https://www.westerngutters.com/wp-content/plugins/gravityforms/js/gravityforms.min.js?ver=2.9.25:1:30376)
    at https://www.westerngutters.com/wp-content/plugins/gravityforms/js/gravityforms.min.js?ver=2.9.25:1:33346
[    2604ms] Error: Missing required parameters: sitekey
    at Ya.<anonymous> (https://www.gstatic.com/recaptcha/releases/vUgXt_KV952_-5BB2jjloYzl/recaptcha__en.js:261:132)
    at new Ya (https://www.gstatic.com/recaptcha/releases/vUgXt_KV952_-5BB2jjloYzl/recaptcha__en.js:1007:322)
    at Lq.<anonymous> (https://www.gstatic.com/recaptcha/releases/vUgXt_KV952_-5BB2jjloYzl/recaptcha__en.js:593:240)
    at new Lq (https://www.gstatic.com/recaptcha/releases/vUgXt_KV952_-5BB2jjloYzl/recaptcha__en.js:808:55)
    at https://www.gstatic.com/recaptcha/releases/vUgXt_KV952_-5BB2jjloYzl/recaptcha__en.js:383:185
    at HTMLDivElement.<anonymous> (https://www.westerngutters.com/wp-content/plugins/gravityforms/js/gravityforms.min.js?ver=2.9.25:1:30812)
    at ce.each (https://www.westerngutters.com/wp-includes/js/jquery/jquery.min.js?ver=3.7.1:2:3129)
    at e.<computed>.each (https://www.westerngutters.com/wp-includes/js/jquery/jquery.min.js?ver=3.7.1:2:1594)
    at renderRecaptcha (https://www.westerngutters.com/wp-content/plugins/gravityforms/js/gravityforms.min.js?ver=2.9.25:1:30376)
    at https://www.westerngutters.com/wp-content/plugins/gravityforms/js/gravityforms.min.js?ver=2.9.25:1:33346
[    2606ms] Error: Missing required parameters: sitekey
    at Ya.<anonymous> (https://www.gstatic.com/recaptcha/releases/vUgXt_KV952_-5BB2jjloYzl/recaptcha__en.js:261:132)
    at new Ya (https://www.gstatic.com/recaptcha/releases/vUgXt_KV952_-5BB2jjloYzl/recaptcha__en.js:1007:322)
    at Lq.<anonymous> (https://www.gstatic.com/recaptcha/releases/vUgXt_KV952_-5BB2jjloYzl/recaptcha__en.js:593:240)
    at new Lq (https://www.gstatic.com/recaptcha/releases/vUgXt_KV952_-5BB2jjloYzl/recaptcha__en.js:808:55)
    at https://www.gstatic.com/recaptcha/releases/vUgXt_KV952_-5BB2jjloYzl/recaptcha__en.js:383:185
    at HTMLDivElement.<anonymous> (https://www.westerngutters.com/wp-content/plugins/gravityforms/js/gravityforms.min.js?ver=2.9.25:1:30812)
    at ce.each (https://www.westerngutters.com/wp-includes/js/jquery/jquery.min.js?ver=3.7.1:2:3129)
    at e.<computed>.each (https://www.westerngutters.com/wp-includes/js/jquery/jquery.min.js?ver=3.7.1:2:1594)
    at renderRecaptcha (https://www.westerngutters.com/wp-content/plugins/gravityforms/js/gravityforms.min.js?ver=2.9.25:1:30376)
    at https://www.westerngutters.com/wp-content/plugins/gravityforms/js/gravityforms.min.js?ver=2.9.25:1:33346
[    2705ms] Error: Missing required parameters: sitekey
    at Ya.<anonymous> (https://www.gstatic.com/recaptcha/releases/vUgXt_KV952_-5BB2jjloYzl/recaptcha__en.js:261:132)
    at new Ya (https://www.gstatic.com/recaptcha/releases/vUgXt_KV952_-5BB2jjloYzl/recaptcha__en.js:1007:322)
    at Lq.<anonymous> (https://www.gstatic.com/recaptcha/releases/vUgXt_KV952_-5BB2jjloYzl/recaptcha__en.js:593:240)
    at new Lq (https://www.gstatic.com/recaptcha/releases/vUgXt_KV952_-5BB2jjloYzl/recaptcha__en.js:808:55)
    at https://www.gstatic.com/recaptcha/releases/vUgXt_KV952_-5BB2jjloYzl/recaptcha__en.js:383:185
    at HTMLDivElement.<anonymous> (https://www.westerngutters.com/wp-content/plugins/gravityforms/js/gravityforms.min.js?ver=2.9.25:1:30812)
    at ce.each (https://www.westerngutters.com/wp-includes/js/jquery/jquery.min.js?ver=3.7.1:2:3129)
    at e.<computed>.each (https://www.westerngutters.com/wp-includes/js/jquery/jquery.min.js?ver=3.7.1:2:1594)
    at renderRecaptcha (https://www.westerngutters.com/wp-content/plugins/gravityforms/js/gravityforms.min.js?ver=2.9.25:1:30376)
    at https://www.westerngutters.com/wp-content/plugins/gravityforms/js/gravityforms.min.js?ver=2.9.25:1:33346
[    2706ms] Error: Missing required parameters: sitekey
    at Ya.<anonymous> (https://www.gstatic.com/recaptcha/releases/vUgXt_KV952_-5BB2jjloYzl/recaptcha__en.js:261:132)
    at new Ya (https://www.gstatic.com/recaptcha/releases/vUgXt_KV952_-5BB2jjloYzl/recaptcha__en.js:1007:322)
    at Lq.<anonymous> (https://www.gstatic.com/recaptcha/releases/vUgXt_KV952_-5BB2jjloYzl/recaptcha__en.js:593:240)
    at new Lq (https://www.gstatic.com/recaptcha/releases/vUgXt_KV952_-5BB2jjloYzl/recaptcha__en.js:808:55)
    at https://www.gstatic.com/recaptcha/releases/vUgXt_KV952_-5BB2jjloYzl/recaptcha__en.js:383:185
    at HTMLDivElement.<anonymous> (https://www.westerngutters.com/wp-content/plugins/gravityforms/js/gravityforms.min.js?ver=2.9.25:1:30812)
    at ce.each (https://www.westerngutters.com/wp-includes/js/jquery/jquery.min.js?ver=3.7.1:2:3129)
    at e.<computed>.each (https://www.westerngutters.com/wp-includes/js/jquery/jquery.min.js?ver=3.7.1:2:1594)
    at renderRecaptcha (https://www.westerngutters.com/wp-content/plugins/gravityforms/js/gravityforms.min.js?ver=2.9.25:1:30376)
    at https://www.westerngutters.com/wp-content/plugins/gravityforms/js/gravityforms.min.js?ver=2.9.25:1:33346
[    2805ms] Error: Missing required parameters: sitekey
    at Ya.<anonymous> (https://www.gstatic.com/recaptcha/releases/vUgXt_KV952_-5BB2jjloYzl/recaptcha__en.js:261:132)
    at new Ya (https://www.gstatic.com/recaptcha/releases/vUgXt_KV952_-5BB2jjloYzl/recaptcha__en.js:1007:322)
    at Lq.<anonymous> (https://www.gstatic.com/recaptcha/releases/vUgXt_KV952_-5BB2jjloYzl/recaptcha__en.js:593:240)
    at new Lq (https://www.gstatic.com/recaptcha/releases/vUgXt_KV952_-5BB2jjloYzl/recaptcha__en.js:808:55)
    at https://www.gstatic.com/recaptcha/releases/vUgXt_KV952_-5BB2jjloYzl/recaptcha__en.js:383:185
    at HTMLDivElement.<anonymous> (https://www.westerngutters.com/wp-content/plugins/gravityforms/js/gravityforms.min.js?ver=2.9.25:1:30812)
    at ce.each (https://www.westerngutters.com/wp-includes/js/jquery/jquery.min.js?ver=3.7.1:2:3129)
    at e.<computed>.each (https://www.westerngutters.com/wp-includes/js/jquery/jquery.min.js?ver=3.7.1:2:1594)
    at renderRecaptcha (https://www.westerngutters.com/wp-content/plugins/gravityforms/js/gravityforms.min.js?ver=2.9.25:1:30376)
    at https://www.westerngutters.com/wp-content/plugins/gravityforms/js/gravityforms.min.js?ver=2.9.25:1:33346
[    2806ms] Error: Missing required parameters: sitekey
    at Ya.<anonymous> (https://www.gstatic.com/recaptcha/releases/vUgXt_KV952_-5BB2jjloYzl/recaptcha__en.js:261:132)
    at new Ya (https://www.gstatic.com/recaptcha/releases/vUgXt_KV952_-5BB2jjloYzl/recaptcha__en.js:1007:322)
    at Lq.<anonymous> (https://www.gstatic.com/recaptcha/releases/vUgXt_KV952_-5BB2jjloYzl/recaptcha__en.js:593:240)
    at new Lq (https://www.gstatic.com/recaptcha/releases/vUgXt_KV952_-5BB2jjloYzl/recaptcha__en.js:808:55)
    at https://www.gstatic.com/recaptcha/releases/vUgXt_KV952_-5BB2jjloYzl/recaptcha__en.js:383:185
    at HTMLDivElement.<anonymous> (https://www.westerngutters.com/wp-content/plugins/gravityforms/js/gravityforms.min.js?ver=2.9.25:1:30812)
    at ce.each (https://www.westerngutters.com/wp-includes/js/jquery/jquery.min.js?ver=3.7.1:2:3129)
    at e.<computed>.each (https://www.westerngutters.com/wp-includes/js/jquery/jquery.min.js?ver=3.7.1:2:1594)
    at renderRecaptcha (https://www.westerngutters.com/wp-content/plugins/gravityforms/js/gravityforms.min.js?ver=2.9.25:1:30376)
    at https://www.westerngutters.com/wp-content/plugins/gravityforms/js/gravityforms.min.js?ver=2.9.25:1:33346
[    2905ms] Error: Missing required parameters: sitekey
    at Ya.<anonymous> (https://www.gstatic.com/recaptcha/releases/vUgXt_KV952_-5BB2jjloYzl/recaptcha__en.js:261:132)
    at new Ya (https://www.gstatic.com/recaptcha/releases/vUgXt_KV952_-5BB2jjloYzl/recaptcha__en.js:1007:322)
    at Lq.<anonymous> (https://www.gstatic.com/recaptcha/releases/vUgXt_KV952_-5BB2jjloYzl/recaptcha__en.js:593:240)
    at new Lq (https://www.gstatic.com/recaptcha/releases/vUgXt_KV952_-5BB2jjloYzl/recaptcha__en.js:808:55)
    at https://www.gstatic.com/recaptcha/releases/vUgXt_KV952_-5BB2jjloYzl/recaptcha__en.js:383:185
    at HTMLDivElement.<anonymous> (https://www.westerngutters.com/wp-content/plugins/gravityforms/js/gravityforms.min.js?ver=2.9.25:1:30812)
    at ce.each (https://www.westerngutters.com/wp-includes/js/jquery/jquery.min.js?ver=3.7.1:2:3129)
    at e.<computed>.each (https://www.westerngutters.com/wp-includes/js/jquery/jquery.min.js?ver=3.7.1:2:1594)
    at renderRecaptcha (https://www.westerngutters.com/wp-content/plugins/gravityforms/js/gravityforms.min.js?ver=2.9.25:1:30376)
    at https://www.westerngutters.com/wp-content/plugins/gravityforms/js/gravityforms.min.js?ver=2.9.25:1:33346
[    2906ms] Error: Missing required parameters: sitekey
    at Ya.<anonymous> (https://www.gstatic.com/recaptcha/releases/vUgXt_KV952_-5BB2jjloYzl/recaptcha__en.js:261:132)
    at new Ya (https://www.gstatic.com/recaptcha/releases/vUgXt_KV952_-5BB2jjloYzl/recaptcha__en.js:1007:322)
    at Lq.<anonymous> (https://www.gstatic.com/recaptcha/releases/vUgXt_KV952_-5BB2jjloYzl/recaptcha__en.js:593:240)
    at new Lq (https://www.gstatic.com/recaptcha/releases/vUgXt_KV952_-5BB2jjloYzl/recaptcha__en.js:808:55)
    at https://www.gstatic.com/recaptcha/releases/vUgXt_KV952_-5BB2jjloYzl/recaptcha__en.js:383:185
    at HTMLDivElement.<anonymous> (https://www.westerngutters.com/wp-content/plugins/gravityforms/js/gravityforms.min.js?ver=2.9.25:1:30812)
    at ce.each (https://www.westerngutters.com/wp-includes/js/jquery/jquery.min.js?ver=3.7.1:2:3129)
    at e.<computed>.each (https://www.westerngutters.com/wp-includes/js/jquery/jquery.min.js?ver=3.7.1:2:1594)
    at renderRecaptcha (https://www.westerngutters.com/wp-content/plugins/gravityforms/js/gravityforms.min.js?ver=2.9.25:1:30376)
    at https://www.westerngutters.com/wp-content/plugins/gravityforms/js/gravityforms.min.js?ver=2.9.25:1:33346
[    3004ms] Error: Missing required parameters: sitekey
    at Ya.<anonymous> (https://www.gstatic.com/recaptcha/releases/vUgXt_KV952_-5BB2jjloYzl/recaptcha__en.js:261:132)
    at new Ya (https://www.gstatic.com/recaptcha/releases/vUgXt_KV952_-5BB2jjloYzl/recaptcha__en.js:1007:322)
    at Lq.<anonymous> (https://www.gstatic.com/recaptcha/releases/vUgXt_KV952_-5BB2jjloYzl/recaptcha__en.js:593:240)
    at new Lq (https://www.gstatic.com/recaptcha/releases/vUgXt_KV952_-5BB2jjloYzl/recaptcha__en.js:808:55)
    at https://www.gstatic.com/recaptcha/releases/vUgXt_KV952_-5BB2jjloYzl/recaptcha__en.js:383:185
    at HTMLDivElement.<anonymous> (https://www.westerngutters.com/wp-content/plugins/gravityforms/js/gravityforms.min.js?ver=2.9.25:1:30812)
    at ce.each (https://www.westerngutters.com/wp-includes/js/jquery/jquery.min.js?ver=3.7.1:2:3129)
    at e.<computed>.each (https://www.westerngutters.com/wp-includes/js/jquery/jquery.min.js?ver=3.7.1:2:1594)
    at renderRecaptcha (https://www.westerngutters.com/wp-content/plugins/gravityforms/js/gravityforms.min.js?ver=2.9.25:1:30376)
    at https://www.westerngutters.com/wp-content/plugins/gravityforms/js/gravityforms.min.js?ver=2.9.25:1:33346
[    3006ms] Error: Missing required parameters: sitekey
    at Ya.<anonymous> (https://www.gstatic.com/recaptcha/releases/vUgXt_KV952_-5BB2jjloYzl/recaptcha__en.js:261:132)
    at new Ya (https://www.gstatic.com/recaptcha/releases/vUgXt_KV952_-5BB2jjloYzl/recaptcha__en.js:1007:322)
    at Lq.<anonymous> (https://www.gstatic.com/recaptcha/releases/vUgXt_KV952_-5BB2jjloYzl/recaptcha__en.js:593:240)
    at new Lq (https://www.gstatic.com/recaptcha/releases/vUgXt_KV952_-5BB2jjloYzl/recaptcha__en.js:808:55)
    at https://www.gstatic.com/recaptcha/releases/vUgXt_KV952_-5BB2jjloYzl/recaptcha__en.js:383:185
    at HTMLDivElement.<anonymous> (https://www.westerngutters.com/wp-content/plugins/gravityforms/js/gravityforms.min.js?ver=2.9.25:1:30812)
    at ce.each (https://www.westerngutters.com/wp-includes/js/jquery/jquery.min.js?ver=3.7.1:2:3129)
    at e.<computed>.each (https://www.westerngutters.com/wp-includes/js/jquery/jquery.min.js?ver=3.7.1:2:1594)
    at renderRecaptcha (https://www.westerngutters.com/wp-content/plugins/gravityforms/js/gravityforms.min.js?ver=2.9.25:1:30376)
    at https://www.westerngutters.com/wp-content/plugins/gravityforms/js/gravityforms.min.js?ver=2.9.25:1:33346
[    3104ms] Error: Missing required parameters: sitekey
    at Ya.<anonymous> (https://www.gstatic.com/recaptcha/releases/vUgXt_KV952_-5BB2jjloYzl/recaptcha__en.js:261:132)
    at new Ya (https://www.gstatic.com/recaptcha/releases/vUgXt_KV952_-5BB2jjloYzl/recaptcha__en.js:1007:322)
    at Lq.<anonymous> (https://www.gstatic.com/recaptcha/releases/vUgXt_KV952_-5BB2jjloYzl/recaptcha__en.js:593:240)
    at new Lq (https://www.gstatic.com/recaptcha/releases/vUgXt_KV952_-5BB2jjloYzl/recaptcha__en.js:808:55)
    at https://www.gstatic.com/recaptcha/releases/vUgXt_KV952_-5BB2jjloYzl/recaptcha__en.js:383:185
    at HTMLDivElement.<anonymous> (https://www.westerngutters.com/wp-content/plugins/gravityforms/js/gravityforms.min.js?ver=2.9.25:1:30812)
    at ce.each (https://www.westerngutters.com/wp-includes/js/jquery/jquery.min.js?ver=3.7.1:2:3129)
    at e.<computed>.each (https://www.westerngutters.com/wp-includes/js/jquery/jquery.min.js?ver=3.7.1:2:1594)
    at renderRecaptcha (https://www.westerngutters.com/wp-content/plugins/gravityforms/js/gravityforms.min.js?ver=2.9.25:1:30376)
    at https://www.westerngutters.com/wp-content/plugins/gravityforms/js/gravityforms.min.js?ver=2.9.25:1:33346
[    3107ms] Error: Missing required parameters: sitekey
    at Ya.<anonymous> (https://www.gstatic.com/recaptcha/releases/vUgXt_KV952_-5BB2jjloYzl/recaptcha__en.js:261:132)
    at new Ya (https://www.gstatic.com/recaptcha/releases/vUgXt_KV952_-5BB2jjloYzl/recaptcha__en.js:1007:322)
    at Lq.<anonymous> (https://www.gstatic.com/recaptcha/releases/vUgXt_KV952_-5BB2jjloYzl/recaptcha__en.js:593:240)
    at new Lq (https://www.gstatic.com/recaptcha/releases/vUgXt_KV952_-5BB2jjloYzl/recaptcha__en.js:808:55)
    at https://www.gstatic.com/recaptcha/releases/vUgXt_KV952_-5BB2jjloYzl/recaptcha__en.js:383:185
    at HTMLDivElement.<anonymous> (https://www.westerngutters.com/wp-content/plugins/gravityforms/js/gravityforms.min.js?ver=2.9.25:1:30812)
    at ce.each (https://www.westerngutters.com/wp-includes/js/jquery/jquery.min.js?ver=3.7.1:2:3129)
    at e.<computed>.each (https://www.westerngutters.com/wp-includes/js/jquery/jquery.min.js?ver=3.7.1:2:1594)
    at renderRecaptcha (https://www.westerngutters.com/wp-content/plugins/gravityforms/js/gravityforms.min.js?ver=2.9.25:1:30376)
    at https://www.westerngutters.com/wp-content/plugins/gravityforms/js/gravityforms.min.js?ver=2.9.25:1:33346
[    3204ms] Error: Missing required parameters: sitekey
    at Ya.<anonymous> (https://www.gstatic.com/recaptcha/releases/vUgXt_KV952_-5BB2jjloYzl/recaptcha__en.js:261:132)
    at new Ya (https://www.gstatic.com/recaptcha/releases/vUgXt_KV952_-5BB2jjloYzl/recaptcha__en.js:1007:322)
    at Lq.<anonymous> (https://www.gstatic.com/recaptcha/releases/vUgXt_KV952_-5BB2jjloYzl/recaptcha__en.js:593:240)
    at new Lq (https://www.gstatic.com/recaptcha/releases/vUgXt_KV952_-5BB2jjloYzl/recaptcha__en.js:808:55)
    at https://www.gstatic.com/recaptcha/releases/vUgXt_KV952_-5BB2jjloYzl/recaptcha__en.js:383:185
    at HTMLDivElement.<anonymous> (https://www.westerngutters.com/wp-content/plugins/gravityforms/js/gravityforms.min.js?ver=2.9.25:1:30812)
    at ce.each (https://www.westerngutters.com/wp-includes/js/jquery/jquery.min.js?ver=3.7.1:2:3129)
    at e.<computed>.each (https://www.westerngutters.com/wp-includes/js/jquery/jquery.min.js?ver=3.7.1:2:1594)
    at renderRecaptcha (https://www.westerngutters.com/wp-content/plugins/gravityforms/js/gravityforms.min.js?ver=2.9.25:1:30376)
    at https://www.westerngutters.com/wp-content/plugins/gravityforms/js/gravityforms.min.js?ver=2.9.25:1:33346
[    3206ms] Error: Missing required parameters: sitekey
    at Ya.<anonymous> (https://www.gstatic.com/recaptcha/releases/vUgXt_KV952_-5BB2jjloYzl/recaptcha__en.js:261:132)
    at new Ya (https://www.gstatic.com/recaptcha/releases/vUgXt_KV952_-5BB2jjloYzl/recaptcha__en.js:1007:322)
    at Lq.<anonymous> (https://www.gstatic.com/recaptcha/releases/vUgXt_KV952_-5BB2jjloYzl/recaptcha__en.js:593:240)
    at new Lq (https://www.gstatic.com/recaptcha/releases/vUgXt_KV952_-5BB2jjloYzl/recaptcha__en.js:808:55)
    at https://www.gstatic.com/recaptcha/releases/vUgXt_KV952_-5BB2jjloYzl/recaptcha__en.js:383:185
    at HTMLDivElement.<anonymous> (https://www.westerngutters.com/wp-content/plugins/gravityforms/js/gravityforms.min.js?ver=2.9.25:1:30812)
    at ce.each (https://www.westerngutters.com/wp-includes/js/jquery/jquery.min.js?ver=3.7.1:2:3129)
    at e.<computed>.each (https://www.westerngutters.com/wp-includes/js/jquery/jquery.min.js?ver=3.7.1:2:1594)
    at renderRecaptcha (https://www.westerngutters.com/wp-content/plugins/gravityforms/js/gravityforms.min.js?ver=2.9.25:1:30376)
    at https://www.westerngutters.com/wp-content/plugins/gravityforms/js/gravityforms.min.js?ver=2.9.25:1:33346
[    3304ms] Error: Missing required parameters: sitekey
    at Ya.<anonymous> (https://www.gstatic.com/recaptcha/releases/vUgXt_KV952_-5BB2jjloYzl/recaptcha__en.js:261:132)
    at new Ya (https://www.gstatic.com/recaptcha/releases/vUgXt_KV952_-5BB2jjloYzl/recaptcha__en.js:1007:322)
    at Lq.<anonymous> (https://www.gstatic.com/recaptcha/releases/vUgXt_KV952_-5BB2jjloYzl/recaptcha__en.js:593:240)
    at new Lq (https://www.gstatic.com/recaptcha/releases/vUgXt_KV952_-5BB2jjloYzl/recaptcha__en.js:808:55)
    at https://www.gstatic.com/recaptcha/releases/vUgXt_KV952_-5BB2jjloYzl/recaptcha__en.js:383:185
    at HTMLDivElement.<anonymous> (https://www.westerngutters.com/wp-content/plugins/gravityforms/js/gravityforms.min.js?ver=2.9.25:1:30812)
    at ce.each (https://www.westerngutters.com/wp-includes/js/jquery/jquery.min.js?ver=3.7.1:2:3129)
    at e.<computed>.each (https://www.westerngutters.com/wp-includes/js/jquery/jquery.min.js?ver=3.7.1:2:1594)
    at renderRecaptcha (https://www.westerngutters.com/wp-content/plugins/gravityforms/js/gravityforms.min.js?ver=2.9.25:1:30376)
    at https://www.westerngutters.com/wp-content/plugins/gravityforms/js/gravityforms.min.js?ver=2.9.25:1:33346
[    3306ms] Error: Missing required parameters: sitekey
    at Ya.<anonymous> (https://www.gstatic.com/recaptcha/releases/vUgXt_KV952_-5BB2jjloYzl/recaptcha__en.js:261:132)
    at new Ya (https://www.gstatic.com/recaptcha/releases/vUgXt_KV952_-5BB2jjloYzl/recaptcha__en.js:1007:322)
    at Lq.<anonymous> (https://www.gstatic.com/recaptcha/releases/vUgXt_KV952_-5BB2jjloYzl/recaptcha__en.js:593:240)
    at new Lq (https://www.gstatic.com/recaptcha/releases/vUgXt_KV952_-5BB2jjloYzl/recaptcha__en.js:808:55)
    at https://www.gstatic.com/recaptcha/releases/vUgXt_KV952_-5BB2jjloYzl/recaptcha__en.js:383:185
    at HTMLDivElement.<anonymous> (https://www.westerngutters.com/wp-content/plugins/gravityforms/js/gravityforms.min.js?ver=2.9.25:1:30812)
    at ce.each (https://www.westerngutters.com/wp-includes/js/jquery/jquery.min.js?ver=3.7.1:2:3129)
    at e.<computed>.each (https://www.westerngutters.com/wp-includes/js/jquery/jquery.min.js?ver=3.7.1:2:1594)
    at renderRecaptcha (https://www.westerngutters.com/wp-content/plugins/gravityforms/js/gravityforms.min.js?ver=2.9.25:1:30376)
    at https://www.westerngutters.com/wp-content/plugins/gravityforms/js/gravityforms.min.js?ver=2.9.25:1:33346
[    3405ms] Error: Missing required parameters: sitekey
    at Ya.<anonymous> (https://www.gstatic.com/recaptcha/releases/vUgXt_KV952_-5BB2jjloYzl/recaptcha__en.js:261:132)
    at new Ya (https://www.gstatic.com/recaptcha/releases/vUgXt_KV952_-5BB2jjloYzl/recaptcha__en.js:1007:322)
    at Lq.<anonymous> (https://www.gstatic.com/recaptcha/releases/vUgXt_KV952_-5BB2jjloYzl/recaptcha__en.js:593:240)
    at new Lq (https://www.gstatic.com/recaptcha/releases/vUgXt_KV952_-5BB2jjloYzl/recaptcha__en.js:808:55)
    at https://www.gstatic.com/recaptcha/releases/vUgXt_KV952_-5BB2jjloYzl/recaptcha__en.js:383:185
    at HTMLDivElement.<anonymous> (https://www.westerngutters.com/wp-content/plugins/gravityforms/js/gravityforms.min.js?ver=2.9.25:1:30812)
    at ce.each (https://www.westerngutters.com/wp-includes/js/jquery/jquery.min.js?ver=3.7.1:2:3129)
    at e.<computed>.each (https://www.westerngutters.com/wp-includes/js/jquery/jquery.min.js?ver=3.7.1:2:1594)
    at renderRecaptcha (https://www.westerngutters.com/wp-content/plugins/gravityforms/js/gravityforms.min.js?ver=2.9.25:1:30376)
    at https://www.westerngutters.com/wp-content/plugins/gravityforms/js/gravityforms.min.js?ver=2.9.25:1:33346
[    3406ms] Error: Missing required parameters: sitekey
    at Ya.<anonymous> (https://www.gstatic.com/recaptcha/releases/vUgXt_KV952_-5BB2jjloYzl/recaptcha__en.js:261:132)
    at new Ya (https://www.gstatic.com/recaptcha/releases/vUgXt_KV952_-5BB2jjloYzl/recaptcha__en.js:1007:322)
    at Lq.<anonymous> (https://www.gstatic.com/recaptcha/releases/vUgXt_KV952_-5BB2jjloYzl/recaptcha__en.js:593:240)
    at new Lq (https://www.gstatic.com/recaptcha/releases/vUgXt_KV952_-5BB2jjloYzl/recaptcha__en.js:808:55)
    at https://www.gstatic.com/recaptcha/releases/vUgXt_KV952_-5BB2jjloYzl/recaptcha__en.js:383:185
    at HTMLDivElement.<anonymous> (https://www.westerngutters.com/wp-content/plugins/gravityforms/js/gravityforms.min.js?ver=2.9.25:1:30812)
    at ce.each (https://www.westerngutters.com/wp-includes/js/jquery/jquery.min.js?ver=3.7.1:2:3129)
    at e.<computed>.each (https://www.westerngutters.com/wp-includes/js/jquery/jquery.min.js?ver=3.7.1:2:1594)
    at renderRecaptcha (https://www.westerngutters.com/wp-content/plugins/gravityforms/js/gravityforms.min.js?ver=2.9.25:1:30376)
    at https://www.westerngutters.com/wp-content/plugins/gravityforms/js/gravityforms.min.js?ver=2.9.25:1:33346
[    3505ms] Error: Missing required parameters: sitekey
    at Ya.<anonymous> (https://www.gstatic.com/recaptcha/releases/vUgXt_KV952_-5BB2jjloYzl/recaptcha__en.js:261:132)
    at new Ya (https://www.gstatic.com/recaptcha/releases/vUgXt_KV952_-5BB2jjloYzl/recaptcha__en.js:1007:322)
    at Lq.<anonymous> (https://www.gstatic.com/recaptcha/releases/vUgXt_KV952_-5BB2jjloYzl/recaptcha__en.js:593:240)
    at new Lq (https://www.gstatic.com/recaptcha/releases/vUgXt_KV952_-5BB2jjloYzl/recaptcha__en.js:808:55)
    at https://www.gstatic.com/recaptcha/releases/vUgXt_KV952_-5BB2jjloYzl/recaptcha__en.js:383:185
    at HTMLDivElement.<anonymous> (https://www.westerngutters.com/wp-content/plugins/gravityforms/js/gravityforms.min.js?ver=2.9.25:1:30812)
    at ce.each (https://www.westerngutters.com/wp-includes/js/jquery/jquery.min.js?ver=3.7.1:2:3129)
    at e.<computed>.each (https://www.westerngutters.com/wp-includes/js/jquery/jquery.min.js?ver=3.7.1:2:1594)
    at renderRecaptcha (https://www.westerngutters.com/wp-content/plugins/gravityforms/js/gravityforms.min.js?ver=2.9.25:1:30376)
    at https://www.westerngutters.com/wp-content/plugins/gravityforms/js/gravityforms.min.js?ver=2.9.25:1:33346
[    3505ms] Error: Missing required parameters: sitekey
    at Ya.<anonymous> (https://www.gstatic.com/recaptcha/releases/vUgXt_KV952_-5BB2jjloYzl/recaptcha__en.js:261:132)
    at new Ya (https://www.gstatic.com/recaptcha/releases/vUgXt_KV952_-5BB2jjloYzl/recaptcha__en.js:1007:322)
    at Lq.<anonymous> (https://www.gstatic.com/recaptcha/releases/vUgXt_KV952_-5BB2jjloYzl/recaptcha__en.js:593:240)
    at new Lq (https://www.gstatic.com/recaptcha/releases/vUgXt_KV952_-5BB2jjloYzl/recaptcha__en.js:808:55)
    at https://www.gstatic.com/recaptcha/releases/vUgXt_KV952_-5BB2jjloYzl/recaptcha__en.js:383:185
    at HTMLDivElement.<anonymous> (https://www.westerngutters.com/wp-content/plugins/gravityforms/js/gravityforms.min.js?ver=2.9.25:1:30812)
    at ce.each (https://www.westerngutters.com/wp-includes/js/jquery/jquery.min.js?ver=3.7.1:2:3129)
    at e.<computed>.each (https://www.westerngutters.com/wp-includes/js/jquery/jquery.min.js?ver=3.7.1:2:1594)
    at renderRecaptcha (https://www.westerngutters.com/wp-content/plugins/gravityforms/js/gravityforms.min.js?ver=2.9.25:1:30376)
    at https://www.westerngutters.com/wp-content/plugins/gravityforms/js/gravityforms.min.js?ver=2.9.25:1:33346
[    3604ms] Error: Missing required parameters: sitekey
    at Ya.<anonymous> (https://www.gstatic.com/recaptcha/releases/vUgXt_KV952_-5BB2jjloYzl/recaptcha__en.js:261:132)
    at new Ya (https://www.gstatic.com/recaptcha/releases/vUgXt_KV952_-5BB2jjloYzl/recaptcha__en.js:1007:322)
    at Lq.<anonymous> (https://www.gstatic.com/recaptcha/releases/vUgXt_KV952_-5BB2jjloYzl/recaptcha__en.js:593:240)
    at new Lq (https://www.gstatic.com/recaptcha/releases/vUgXt_KV952_-5BB2jjloYzl/recaptcha__en.js:808:55)
    at https://www.gstatic.com/recaptcha/releases/vUgXt_KV952_-5BB2jjloYzl/recaptcha__en.js:383:185
    at HTMLDivElement.<anonymous> (https://www.westerngutters.com/wp-content/plugins/gravityforms/js/gravityforms.min.js?ver=2.9.25:1:30812)
    at ce.each (https://www.westerngutters.com/wp-includes/js/jquery/jquery.min.js?ver=3.7.1:2:3129)
    at e.<computed>.each (https://www.westerngutters.com/wp-includes/js/jquery/jquery.min.js?ver=3.7.1:2:1594)
    at renderRecaptcha (https://www.westerngutters.com/wp-content/plugins/gravityforms/js/gravityforms.min.js?ver=2.9.25:1:30376)
    at https://www.westerngutters.com/wp-content/plugins/gravityforms/js/gravityforms.min.js?ver=2.9.25:1:33346
[    3605ms] Error: Missing required parameters: sitekey
    at Ya.<anonymous> (https://www.gstatic.com/recaptcha/releases/vUgXt_KV952_-5BB2jjloYzl/recaptcha__en.js:261:132)
    at new Ya (https://www.gstatic.com/recaptcha/releases/vUgXt_KV952_-5BB2jjloYzl/recaptcha__en.js:1007:322)
    at Lq.<anonymous> (https://www.gstatic.com/recaptcha/releases/vUgXt_KV952_-5BB2jjloYzl/recaptcha__en.js:593:240)
    at new Lq (https://www.gstatic.com/recaptcha/releases/vUgXt_KV952_-5BB2jjloYzl/recaptcha__en.js:808:55)
    at https://www.gstatic.com/recaptcha/releases/vUgXt_KV952_-5BB2jjloYzl/recaptcha__en.js:383:185
    at HTMLDivElement.<anonymous> (https://www.westerngutters.com/wp-content/plugins/gravityforms/js/gravityforms.min.js?ver=2.9.25:1:30812)
    at ce.each (https://www.westerngutters.com/wp-includes/js/jquery/jquery.min.js?ver=3.7.1:2:3129)
    at e.<computed>.each (https://www.westerngutters.com/wp-includes/js/jquery/jquery.min.js?ver=3.7.1:2:1594)
    at renderRecaptcha (https://www.westerngutters.com/wp-content/plugins/gravityforms/js/gravityforms.min.js?ver=2.9.25:1:30376)
    at https://www.westerngutters.com/wp-content/plugins/gravityforms/js/gravityforms.min.js?ver=2.9.25:1:33346
[    3705ms] Error: Missing required parameters: sitekey
    at Ya.<anonymous> (https://www.gstatic.com/recaptcha/releases/vUgXt_KV952_-5BB2jjloYzl/recaptcha__en.js:261:132)
    at new Ya (https://www.gstatic.com/recaptcha/releases/vUgXt_KV952_-5BB2jjloYzl/recaptcha__en.js:1007:322)
    at Lq.<anonymous> (https://www.gstatic.com/recaptcha/releases/vUgXt_KV952_-5BB2jjloYzl/recaptcha__en.js:593:240)
    at new Lq (https://www.gstatic.com/recaptcha/releases/vUgXt_KV952_-5BB2jjloYzl/recaptcha__en.js:808:55)
    at https://www.gstatic.com/recaptcha/releases/vUgXt_KV952_-5BB2jjloYzl/recaptcha__en.js:383:185
    at HTMLDivElement.<anonymous> (https://www.westerngutters.com/wp-content/plugins/gravityforms/js/gravityforms.min.js?ver=2.9.25:1:30812)
    at ce.each (https://www.westerngutters.com/wp-includes/js/jquery/jquery.min.js?ver=3.7.1:2:3129)
    at e.<computed>.each (https://www.westerngutters.com/wp-includes/js/jquery/jquery.min.js?ver=3.7.1:2:1594)
    at renderRecaptcha (https://www.westerngutters.com/wp-content/plugins/gravityforms/js/gravityforms.min.js?ver=2.9.25:1:30376)
    at https://www.westerngutters.com/wp-content/plugins/gravityforms/js/gravityforms.min.js?ver=2.9.25:1:33346
[    3705ms] Error: Missing required parameters: sitekey
    at Ya.<anonymous> (https://www.gstatic.com/recaptcha/releases/vUgXt_KV952_-5BB2jjloYzl/recaptcha__en.js:261:132)
    at new Ya (https://www.gstatic.com/recaptcha/releases/vUgXt_KV952_-5BB2jjloYzl/recaptcha__en.js:1007:322)
    at Lq.<anonymous> (https://www.gstatic.com/recaptcha/releases/vUgXt_KV952_-5BB2jjloYzl/recaptcha__en.js:593:240)
    at new Lq (https://www.gstatic.com/recaptcha/releases/vUgXt_KV952_-5BB2jjloYzl/recaptcha__en.js:808:55)
    at https://www.gstatic.com/recaptcha/releases/vUgXt_KV952_-5BB2jjloYzl/recaptcha__en.js:383:185
    at HTMLDivElement.<anonymous> (https://www.westerngutters.com/wp-content/plugins/gravityforms/js/gravityforms.min.js?ver=2.9.25:1:30812)
    at ce.each (https://www.westerngutters.com/wp-includes/js/jquery/jquery.min.js?ver=3.7.1:2:3129)
    at e.<computed>.each (https://www.westerngutters.com/wp-includes/js/jquery/jquery.min.js?ver=3.7.1:2:1594)
    at renderRecaptcha (https://www.westerngutters.com/wp-content/plugins/gravityforms/js/gravityforms.min.js?ver=2.9.25:1:30376)
    at https://www.westerngutters.com/wp-content/plugins/gravityforms/js/gravityforms.min.js?ver=2.9.25:1:33346
[    3804ms] Error: Missing required parameters: sitekey
    at Ya.<anonymous> (https://www.gstatic.com/recaptcha/releases/vUgXt_KV952_-5BB2jjloYzl/recaptcha__en.js:261:132)
    at new Ya (https://www.gstatic.com/recaptcha/releases/vUgXt_KV952_-5BB2jjloYzl/recaptcha__en.js:1007:322)
    at Lq.<anonymous> (https://www.gstatic.com/recaptcha/releases/vUgXt_KV952_-5BB2jjloYzl/recaptcha__en.js:593:240)
    at new Lq (https://www.gstatic.com/recaptcha/releases/vUgXt_KV952_-5BB2jjloYzl/recaptcha__en.js:808:55)
    at https://www.gstatic.com/recaptcha/releases/vUgXt_KV952_-5BB2jjloYzl/recaptcha__en.js:383:185
    at HTMLDivElement.<anonymous> (https://www.westerngutters.com/wp-content/plugins/gravityforms/js/gravityforms.min.js?ver=2.9.25:1:30812)
    at ce.each (https://www.westerngutters.com/wp-includes/js/jquery/jquery.min.js?ver=3.7.1:2:3129)
    at e.<computed>.each (https://www.westerngutters.com/wp-includes/js/jquery/jquery.min.js?ver=3.7.1:2:1594)
    at renderRecaptcha (https://www.westerngutters.com/wp-content/plugins/gravityforms/js/gravityforms.min.js?ver=2.9.25:1:30376)
    at https://www.westerngutters.com/wp-content/plugins/gravityforms/js/gravityforms.min.js?ver=2.9.25:1:33346
[    3805ms] Error: Missing required parameters: sitekey
    at Ya.<anonymous> (https://www.gstatic.com/recaptcha/releases/vUgXt_KV952_-5BB2jjloYzl/recaptcha__en.js:261:132)
    at new Ya (https://www.gstatic.com/recaptcha/releases/vUgXt_KV952_-5BB2jjloYzl/recaptcha__en.js:1007:322)
    at Lq.<anonymous> (https://www.gstatic.com/recaptcha/releases/vUgXt_KV952_-5BB2jjloYzl/recaptcha__en.js:593:240)
    at new Lq (https://www.gstatic.com/recaptcha/releases/vUgXt_KV952_-5BB2jjloYzl/recaptcha__en.js:808:55)
    at https://www.gstatic.com/recaptcha/releases/vUgXt_KV952_-5BB2jjloYzl/recaptcha__en.js:383:185
    at HTMLDivElement.<anonymous> (https://www.westerngutters.com/wp-content/plugins/gravityforms/js/gravityforms.min.js?ver=2.9.25:1:30812)
    at ce.each (https://www.westerngutters.com/wp-includes/js/jquery/jquery.min.js?ver=3.7.1:2:3129)
    at e.<computed>.each (https://www.westerngutters.com/wp-includes/js/jquery/jquery.min.js?ver=3.7.1:2:1594)
    at renderRecaptcha (https://www.westerngutters.com/wp-content/plugins/gravityforms/js/gravityforms.min.js?ver=2.9.25:1:30376)
    at https://www.westerngutters.com/wp-content/plugins/gravityforms/js/gravityforms.min.js?ver=2.9.25:1:33346
[    3904ms] Error: Missing required parameters: sitekey
    at Ya.<anonymous> (https://www.gstatic.com/recaptcha/releases/vUgXt_KV952_-5BB2jjloYzl/recaptcha__en.js:261:132)
    at new Ya (https://www.gstatic.com/recaptcha/releases/vUgXt_KV952_-5BB2jjloYzl/recaptcha__en.js:1007:322)
    at Lq.<anonymous> (https://www.gstatic.com/recaptcha/releases/vUgXt_KV952_-5BB2jjloYzl/recaptcha__en.js:593:240)
    at new Lq (https://www.gstatic.com/recaptcha/releases/vUgXt_KV952_-5BB2jjloYzl/recaptcha__en.js:808:55)
    at https://www.gstatic.com/recaptcha/releases/vUgXt_KV952_-5BB2jjloYzl/recaptcha__en.js:383:185
    at HTMLDivElement.<anonymous> (https://www.westerngutters.com/wp-content/plugins/gravityforms/js/gravityforms.min.js?ver=2.9.25:1:30812)
    at ce.each (https://www.westerngutters.com/wp-includes/js/jquery/jquery.min.js?ver=3.7.1:2:3129)
    at e.<computed>.each (https://www.westerngutters.com/wp-includes/js/jquery/jquery.min.js?ver=3.7.1:2:1594)
    at renderRecaptcha (https://www.westerngutters.com/wp-content/plugins/gravityforms/js/gravityforms.min.js?ver=2.9.25:1:30376)
    at https://www.westerngutters.com/wp-content/plugins/gravityforms/js/gravityforms.min.js?ver=2.9.25:1:33346
[    3906ms] Error: Missing required parameters: sitekey
    at Ya.<anonymous> (https://www.gstatic.com/recaptcha/releases/vUgXt_KV952_-5BB2jjloYzl/recaptcha__en.js:261:132)
    at new Ya (https://www.gstatic.com/recaptcha/releases/vUgXt_KV952_-5BB2jjloYzl/recaptcha__en.js:1007:322)
    at Lq.<anonymous> (https://www.gstatic.com/recaptcha/releases/vUgXt_KV952_-5BB2jjloYzl/recaptcha__en.js:593:240)
    at new Lq (https://www.gstatic.com/recaptcha/releases/vUgXt_KV952_-5BB2jjloYzl/recaptcha__en.js:808:55)
    at https://www.gstatic.com/recaptcha/releases/vUgXt_KV952_-5BB2jjloYzl/recaptcha__en.js:383:185
    at HTMLDivElement.<anonymous> (https://www.westerngutters.com/wp-content/plugins/gravityforms/js/gravityforms.min.js?ver=2.9.25:1:30812)
    at ce.each (https://www.westerngutters.com/wp-includes/js/jquery/jquery.min.js?ver=3.7.1:2:3129)
    at e.<computed>.each (https://www.westerngutters.com/wp-includes/js/jquery/jquery.min.js?ver=3.7.1:2:1594)
    at renderRecaptcha (https://www.westerngutters.com/wp-content/plugins/gravityforms/js/gravityforms.min.js?ver=2.9.25:1:30376)
    at https://www.westerngutters.com/wp-content/plugins/gravityforms/js/gravityforms.min.js?ver=2.9.25:1:33346
[    4004ms] Error: Missing required parameters: sitekey
    at Ya.<anonymous> (https://www.gstatic.com/recaptcha/releases/vUgXt_KV952_-5BB2jjloYzl/recaptcha__en.js:261:132)
    at new Ya (https://www.gstatic.com/recaptcha/releases/vUgXt_KV952_-5BB2jjloYzl/recaptcha__en.js:1007:322)
    at Lq.<anonymous> (https://www.gstatic.com/recaptcha/releases/vUgXt_KV952_-5BB2jjloYzl/recaptcha__en.js:593:240)
    at new Lq (https://www.gstatic.com/recaptcha/releases/vUgXt_KV952_-5BB2jjloYzl/recaptcha__en.js:808:55)
    at https://www.gstatic.com/recaptcha/releases/vUgXt_KV952_-5BB2jjloYzl/recaptcha__en.js:383:185
    at HTMLDivElement.<anonymous> (https://www.westerngutters.com/wp-content/plugins/gravityforms/js/gravityforms.min.js?ver=2.9.25:1:30812)
    at ce.each (https://www.westerngutters.com/wp-includes/js/jquery/jquery.min.js?ver=3.7.1:2:3129)
    at e.<computed>.each (https://www.westerngutters.com/wp-includes/js/jquery/jquery.min.js?ver=3.7.1:2:1594)
    at renderRecaptcha (https://www.westerngutters.com/wp-content/plugins/gravityforms/js/gravityforms.min.js?ver=2.9.25:1:30376)
    at https://www.westerngutters.com/wp-content/plugins/gravityforms/js/gravityforms.min.js?ver=2.9.25:1:33346
[    4006ms] Error: Missing required parameters: sitekey
    at Ya.<anonymous> (https://www.gstatic.com/recaptcha/releases/vUgXt_KV952_-5BB2jjloYzl/recaptcha__en.js:261:132)
    at new Ya (https://www.gstatic.com/recaptcha/releases/vUgXt_KV952_-5BB2jjloYzl/recaptcha__en.js:1007:322)
    at Lq.<anonymous> (https://www.gstatic.com/recaptcha/releases/vUgXt_KV952_-5BB2jjloYzl/recaptcha__en.js:593:240)
    at new Lq (https://www.gstatic.com/recaptcha/releases/vUgXt_KV952_-5BB2jjloYzl/recaptcha__en.js:808:55)
    at https://www.gstatic.com/recaptcha/releases/vUgXt_KV952_-5BB2jjloYzl/recaptcha__en.js:383:185
    at HTMLDivElement.<anonymous> (https://www.westerngutters.com/wp-content/plugins/gravityforms/js/gravityforms.min.js?ver=2.9.25:1:30812)
    at ce.each (https://www.westerngutters.com/wp-includes/js/jquery/jquery.min.js?ver=3.7.1:2:3129)
    at e.<computed>.each (https://www.westerngutters.com/wp-includes/js/jquery/jquery.min.js?ver=3.7.1:2:1594)
    at renderRecaptcha (https://www.westerngutters.com/wp-content/plugins/gravityforms/js/gravityforms.min.js?ver=2.9.25:1:30376)
    at https://www.westerngutters.com/wp-content/plugins/gravityforms/js/gravityforms.min.js?ver=2.9.25:1:33346
[    4105ms] Error: Missing required parameters: sitekey
    at Ya.<anonymous> (https://www.gstatic.com/recaptcha/releases/vUgXt_KV952_-5BB2jjloYzl/recaptcha__en.js:261:132)
    at new Ya (https://www.gstatic.com/recaptcha/releases/vUgXt_KV952_-5BB2jjloYzl/recaptcha__en.js:1007:322)
    at Lq.<anonymous> (https://www.gstatic.com/recaptcha/releases/vUgXt_KV952_-5BB2jjloYzl/recaptcha__en.js:593:240)
    at new Lq (https://www.gstatic.com/recaptcha/releases/vUgXt_KV952_-5BB2jjloYzl/recaptcha__en.js:808:55)
    at https://www.gstatic.com/recaptcha/releases/vUgXt_KV952_-5BB2jjloYzl/recaptcha__en.js:383:185
    at HTMLDivElement.<anonymous> (https://www.westerngutters.com/wp-content/plugins/gravityforms/js/gravityforms.min.js?ver=2.9.25:1:30812)
    at ce.each (https://www.westerngutters.com/wp-includes/js/jquery/jquery.min.js?ver=3.7.1:2:3129)
    at e.<computed>.each (https://www.westerngutters.com/wp-includes/js/jquery/jquery.min.js?ver=3.7.1:2:1594)
    at renderRecaptcha (https://www.westerngutters.com/wp-content/plugins/gravityforms/js/gravityforms.min.js?ver=2.9.25:1:30376)
    at https://www.westerngutters.com/wp-content/plugins/gravityforms/js/gravityforms.min.js?ver=2.9.25:1:33346
[    4105ms] Error: Missing required parameters: sitekey
    at Ya.<anonymous> (https://www.gstatic.com/recaptcha/releases/vUgXt_KV952_-5BB2jjloYzl/recaptcha__en.js:261:132)
    at new Ya (https://www.gstatic.com/recaptcha/releases/vUgXt_KV952_-5BB2jjloYzl/recaptcha__en.js:1007:322)
    at Lq.<anonymous> (https://www.gstatic.com/recaptcha/releases/vUgXt_KV952_-5BB2jjloYzl/recaptcha__en.js:593:240)
    at new Lq (https://www.gstatic.com/recaptcha/releases/vUgXt_KV952_-5BB2jjloYzl/recaptcha__en.js:808:55)
    at https://www.gstatic.com/recaptcha/releases/vUgXt_KV952_-5BB2jjloYzl/recaptcha__en.js:383:185
    at HTMLDivElement.<anonymous> (https://www.westerngutters.com/wp-content/plugins/gravityforms/js/gravityforms.min.js?ver=2.9.25:1:30812)
    at ce.each (https://www.westerngutters.com/wp-includes/js/jquery/jquery.min.js?ver=3.7.1:2:3129)
    at e.<computed>.each (https://www.westerngutters.com/wp-includes/js/jquery/jquery.min.js?ver=3.7.1:2:1594)
    at renderRecaptcha (https://www.westerngutters.com/wp-content/plugins/gravityforms/js/gravityforms.min.js?ver=2.9.25:1:30376)
    at https://www.westerngutters.com/wp-content/plugins/gravityforms/js/gravityforms.min.js?ver=2.9.25:1:33346
[    4204ms] Error: Missing required parameters: sitekey
    at Ya.<anonymous> (https://www.gstatic.com/recaptcha/releases/vUgXt_KV952_-5BB2jjloYzl/recaptcha__en.js:261:132)
    at new Ya (https://www.gstatic.com/recaptcha/releases/vUgXt_KV952_-5BB2jjloYzl/recaptcha__en.js:1007:322)
    at Lq.<anonymous> (https://www.gstatic.com/recaptcha/releases/vUgXt_KV952_-5BB2jjloYzl/recaptcha__en.js:593:240)
    at new Lq (https://www.gstatic.com/recaptcha/releases/vUgXt_KV952_-5BB2jjloYzl/recaptcha__en.js:808:55)
    at https://www.gstatic.com/recaptcha/releases/vUgXt_KV952_-5BB2jjloYzl/recaptcha__en.js:383:185
    at HTMLDivElement.<anonymous> (https://www.westerngutters.com/wp-content/plugins/gravityforms/js/gravityforms.min.js?ver=2.9.25:1:30812)
    at ce.each (https://www.westerngutters.com/wp-includes/js/jquery/jquery.min.js?ver=3.7.1:2:3129)
    at e.<computed>.each (https://www.westerngutters.com/wp-includes/js/jquery/jquery.min.js?ver=3.7.1:2:1594)
    at renderRecaptcha (https://www.westerngutters.com/wp-content/plugins/gravityforms/js/gravityforms.min.js?ver=2.9.25:1:30376)
    at https://www.westerngutters.com/wp-content/plugins/gravityforms/js/gravityforms.min.js?ver=2.9.25:1:33346
[    4207ms] Error: Missing required parameters: sitekey
    at Ya.<anonymous> (https://www.gstatic.com/recaptcha/releases/vUgXt_KV952_-5BB2jjloYzl/recaptcha__en.js:261:132)
    at new Ya (https://www.gstatic.com/recaptcha/releases/vUgXt_KV952_-5BB2jjloYzl/recaptcha__en.js:1007:322)
    at Lq.<anonymous> (https://www.gstatic.com/recaptcha/releases/vUgXt_KV952_-5BB2jjloYzl/recaptcha__en.js:593:240)
    at new Lq (https://www.gstatic.com/recaptcha/releases/vUgXt_KV952_-5BB2jjloYzl/recaptcha__en.js:808:55)
    at https://www.gstatic.com/recaptcha/releases/vUgXt_KV952_-5BB2jjloYzl/recaptcha__en.js:383:185
    at HTMLDivElement.<anonymous> (https://www.westerngutters.com/wp-content/plugins/gravityforms/js/gravityforms.min.js?ver=2.9.25:1:30812)
    at ce.each (https://www.westerngutters.com/wp-includes/js/jquery/jquery.min.js?ver=3.7.1:2:3129)
    at e.<computed>.each (https://www.westerngutters.com/wp-includes/js/jquery/jquery.min.js?ver=3.7.1:2:1594)
    at renderRecaptcha (https://www.westerngutters.com/wp-content/plugins/gravityforms/js/gravityforms.min.js?ver=2.9.25:1:30376)
    at https://www.westerngutters.com/wp-content/plugins/gravityforms/js/gravityforms.min.js?ver=2.9.25:1:33346
[    4305ms] Error: Missing required parameters: sitekey
    at Ya.<anonymous> (https://www.gstatic.com/recaptcha/releases/vUgXt_KV952_-5BB2jjloYzl/recaptcha__en.js:261:132)
    at new Ya (https://www.gstatic.com/recaptcha/releases/vUgXt_KV952_-5BB2jjloYzl/recaptcha__en.js:1007:322)
    at Lq.<anonymous> (https://www.gstatic.com/recaptcha/releases/vUgXt_KV952_-5BB2jjloYzl/recaptcha__en.js:593:240)
    at new Lq (https://www.gstatic.com/recaptcha/releases/vUgXt_KV952_-5BB2jjloYzl/recaptcha__en.js:808:55)
    at https://www.gstatic.com/recaptcha/releases/vUgXt_KV952_-5BB2jjloYzl/recaptcha__en.js:383:185
    at HTMLDivElement.<anonymous> (https://www.westerngutters.com/wp-content/plugins/gravityforms/js/gravityforms.min.js?ver=2.9.25:1:30812)
    at ce.each (https://www.westerngutters.com/wp-includes/js/jquery/jquery.min.js?ver=3.7.1:2:3129)
    at e.<computed>.each (https://www.westerngutters.com/wp-includes/js/jquery/jquery.min.js?ver=3.7.1:2:1594)
    at renderRecaptcha (https://www.westerngutters.com/wp-content/plugins/gravityforms/js/gravityforms.min.js?ver=2.9.25:1:30376)
    at https://www.westerngutters.com/wp-content/plugins/gravityforms/js/gravityforms.min.js?ver=2.9.25:1:33346
[    4306ms] Error: Missing required parameters: sitekey
    at Ya.<anonymous> (https://www.gstatic.com/recaptcha/releases/vUgXt_KV952_-5BB2jjloYzl/recaptcha__en.js:261:132)
    at new Ya (https://www.gstatic.com/recaptcha/releases/vUgXt_KV952_-5BB2jjloYzl/recaptcha__en.js:1007:322)
    at Lq.<anonymous> (https://www.gstatic.com/recaptcha/releases/vUgXt_KV952_-5BB2jjloYzl/recaptcha__en.js:593:240)
    at new Lq (https://www.gstatic.com/recaptcha/releases/vUgXt_KV952_-5BB2jjloYzl/recaptcha__en.js:808:55)
    at https://www.gstatic.com/recaptcha/releases/vUgXt_KV952_-5BB2jjloYzl/recaptcha__en.js:383:185
    at HTMLDivElement.<anonymous> (https://www.westerngutters.com/wp-content/plugins/gravityforms/js/gravityforms.min.js?ver=2.9.25:1:30812)
    at ce.each (https://www.westerngutters.com/wp-includes/js/jquery/jquery.min.js?ver=3.7.1:2:3129)
    at e.<computed>.each (https://www.westerngutters.com/wp-includes/js/jquery/jquery.min.js?ver=3.7.1:2:1594)
    at renderRecaptcha (https://www.westerngutters.com/wp-content/plugins/gravityforms/js/gravityforms.min.js?ver=2.9.25:1:30376)
    at https://www.westerngutters.com/wp-content/plugins/gravityforms/js/gravityforms.min.js?ver=2.9.25:1:33346
