[     373ms] [ERROR] Failed to load resource: net::ERR_SSL_UNRECOGNIZED_NAME_ALERT @ https://app.rsvponline.com/wt.pl?a=40038&r=:0
[     396ms] Error: Missing required parameters: sitekey
    at Ya.<anonymous> (https://www.gstatic.com/recaptcha/releases/vUgXt_KV952_-5BB2jjloYzl/recaptcha__en.js:261:132)
    at new Ya (https://www.gstatic.com/recaptcha/releases/vUgXt_KV952_-5BB2jjloYzl/recaptcha__en.js:1007:322)
    at Lq.<anonymous> (https://www.gstatic.com/recaptcha/releases/vUgXt_KV952_-5BB2jjloYzl/recaptcha__en.js:593:240)
    at new Lq (https://www.gstatic.com/recaptcha/releases/vUgXt_KV952_-5BB2jjloYzl/recaptcha__en.js:808:55)
    at https://www.gstatic.com/recaptcha/releases/vUgXt_KV952_-5BB2jjloYzl/recaptcha__en.js:383:185
    at HTMLDivElement.<anonymous> (https://www.westerngutters.com/wp-content/plugins/gravityforms/js/gravityforms.min.js?ver=2.9.25:1:30812)
    at ce.each (https://www.westerngutters.com/wp-includes/js/jquery/jquery.min.js?ver=3.7.1:2:3129)
    at ce.each (https://www.westerngutters.com/wp-includes/js/jquery/jquery.min.js?ver=3.7.1:2:1594)
    at renderRecaptcha (https://www.westerngutters.com/wp-content/plugins/gravityforms/js/gravityforms.min.js?ver=2.9.25:1:30376)
    at https://www.westerngutters.com/wp-content/plugins/gravityforms/js/gravityforms.min.js?ver=2.9.25:1:33346
[     487ms] Error: Missing required parameters: sitekey
    at Ya.<anonymous> (https://www.gstatic.com/recaptcha/releases/vUgXt_KV952_-5BB2jjloYzl/recaptcha__en.js:261:132)
    at new Ya (https://www.gstatic.com/recaptcha/releases/vUgXt_KV952_-5BB2jjloYzl/recaptcha__en.js:1007:322)
    at Lq.<anonymous> (https://www.gstatic.com/recaptcha/releases/vUgXt_KV952_-5BB2jjloYzl/recaptcha__en.js:593:240)
    at new Lq (https://www.gstatic.com/recaptcha/releases/vUgXt_KV952_-5BB2jjloYzl/recaptcha__en.js:808:55)
    at https://www.gstatic.com/recaptcha/releases/vUgXt_KV952_-5BB2jjloYzl/recaptcha__en.js:383:185
    at HTMLDivElement.<anonymous> (https://www.westerngutters.com/wp-content/plugins/gravityforms/js/gravityforms.min.js?ver=2.9.25:1:30812)
    at ce.each (https://www.westerngutters.com/wp-includes/js/jquery/jquery.min.js?ver=3.7.1:2:3129)
    at ce.each (https://www.westerngutters.com/wp-includes/js/jquery/jquery.min.js?ver=3.7.1:2:1594)
    at renderRecaptcha (https://www.westerngutters.com/wp-content/plugins/gravityforms/js/gravityforms.min.js?ver=2.9.25:1:30376)
    at https://www.westerngutters.com/wp-content/plugins/gravityforms/js/gravityforms.min.js?ver=2.9.25:1:33346
[     507ms] Error: Missing required parameters: sitekey
    at Ya.<anonymous> (https://www.gstatic.com/recaptcha/releases/vUgXt_KV952_-5BB2jjloYzl/recaptcha__en.js:261:132)
    at new Ya (https://www.gstatic.com/recaptcha/releases/vUgXt_KV952_-5BB2jjloYzl/recaptcha__en.js:1007:322)
    at Lq.<anonymous> (https://www.gstatic.com/recaptcha/releases/vUgXt_KV952_-5BB2jjloYzl/recaptcha__en.js:593:240)
    at new Lq (https://www.gstatic.com/recaptcha/releases/vUgXt_KV952_-5BB2jjloYzl/recaptcha__en.js:808:55)
    at https://www.gstatic.com/recaptcha/releases/vUgXt_KV952_-5BB2jjloYzl/recaptcha__en.js:383:185
    at HTMLDivElement.<anonymous> (https://www.westerngutters.com/wp-content/plugins/gravityforms/js/gravityforms.min.js?ver=2.9.25:1:30812)
    at ce.each (https://www.westerngutters.com/wp-includes/js/jquery/jquery.min.js?ver=3.7.1:2:3129)
    at ce.each (https://www.westerngutters.com/wp-includes/js/jquery/jquery.min.js?ver=3.7.1:2:1594)
    at renderRecaptcha (https://www.westerngutters.com/wp-content/plugins/gravityforms/js/gravityforms.min.js?ver=2.9.25:1:30376)
    at https://www.westerngutters.com/wp-content/plugins/gravityforms/js/gravityforms.min.js?ver=2.9.25:1:33346
[     507ms] Error: Missing required parameters: sitekey
    at Ya.<anonymous> (https://www.gstatic.com/recaptcha/releases/vUgXt_KV952_-5BB2jjloYzl/recaptcha__en.js:261:132)
    at new Ya (https://www.gstatic.com/recaptcha/releases/vUgXt_KV952_-5BB2jjloYzl/recaptcha__en.js:1007:322)
    at Lq.<anonymous> (https://www.gstatic.com/recaptcha/releases/vUgXt_KV952_-5BB2jjloYzl/recaptcha__en.js:593:240)
    at new Lq (https://www.gstatic.com/recaptcha/releases/vUgXt_KV952_-5BB2jjloYzl/recaptcha__en.js:808:55)
    at https://www.gstatic.com/recaptcha/releases/vUgXt_KV952_-5BB2jjloYzl/recaptcha__en.js:383:185
    at HTMLDivElement.<anonymous> (https://www.westerngutters.com/wp-content/plugins/gravityforms/js/gravityforms.min.js?ver=2.9.25:1:30812)
    at ce.each (https://www.westerngutters.com/wp-includes/js/jquery/jquery.min.js?ver=3.7.1:2:3129)
    at ce.each (https://www.westerngutters.com/wp-includes/js/jquery/jquery.min.js?ver=3.7.1:2:1594)
    at renderRecaptcha (https://www.westerngutters.com/wp-content/plugins/gravityforms/js/gravityforms.min.js?ver=2.9.25:1:30376)
    at https://www.westerngutters.com/wp-content/plugins/gravityforms/js/gravityforms.min.js?ver=2.9.25:1:33346
[     595ms] Error: Missing required parameters: sitekey
    at Ya.<anonymous> (https://www.gstatic.com/recaptcha/releases/vUgXt_KV952_-5BB2jjloYzl/recaptcha__en.js:261:132)
    at new Ya (https://www.gstatic.com/recaptcha/releases/vUgXt_KV952_-5BB2jjloYzl/recaptcha__en.js:1007:322)
    at Lq.<anonymous> (https://www.gstatic.com/recaptcha/releases/vUgXt_KV952_-5BB2jjloYzl/recaptcha__en.js:593:240)
    at new Lq (https://www.gstatic.com/recaptcha/releases/vUgXt_KV952_-5BB2jjloYzl/recaptcha__en.js:808:55)
    at https://www.gstatic.com/recaptcha/releases/vUgXt_KV952_-5BB2jjloYzl/recaptcha__en.js:383:185
    at HTMLDivElement.<anonymous> (https://www.westerngutters.com/wp-content/plugins/gravityforms/js/gravityforms.min.js?ver=2.9.25:1:30812)
    at ce.each (https://www.westerngutters.com/wp-includes/js/jquery/jquery.min.js?ver=3.7.1:2:3129)
    at ce.each (https://www.westerngutters.com/wp-includes/js/jquery/jquery.min.js?ver=3.7.1:2:1594)
    at renderRecaptcha (https://www.westerngutters.com/wp-content/plugins/gravityforms/js/gravityforms.min.js?ver=2.9.25:1:30376)
    at https://www.westerngutters.com/wp-content/plugins/gravityforms/js/gravityforms.min.js?ver=2.9.25:1:33346
[     596ms] Error: Missing required parameters: sitekey
    at Ya.<anonymous> (https://www.gstatic.com/recaptcha/releases/vUgXt_KV952_-5BB2jjloYzl/recaptcha__en.js:261:132)
    at new Ya (https://www.gstatic.com/recaptcha/releases/vUgXt_KV952_-5BB2jjloYzl/recaptcha__en.js:1007:322)
    at Lq.<anonymous> (https://www.gstatic.com/recaptcha/releases/vUgXt_KV952_-5BB2jjloYzl/recaptcha__en.js:593:240)
    at new Lq (https://www.gstatic.com/recaptcha/releases/vUgXt_KV952_-5BB2jjloYzl/recaptcha__en.js:808:55)
    at https://www.gstatic.com/recaptcha/releases/vUgXt_KV952_-5BB2jjloYzl/recaptcha__en.js:383:185
    at HTMLDivElement.<anonymous> (https://www.westerngutters.com/wp-content/plugins/gravityforms/js/gravityforms.min.js?ver=2.9.25:1:30812)
    at ce.each (https://www.westerngutters.com/wp-includes/js/jquery/jquery.min.js?ver=3.7.1:2:3129)
    at ce.each (https://www.westerngutters.com/wp-includes/js/jquery/jquery.min.js?ver=3.7.1:2:1594)
    at renderRecaptcha (https://www.westerngutters.com/wp-content/plugins/gravityforms/js/gravityforms.min.js?ver=2.9.25:1:30376)
    at https://www.westerngutters.com/wp-content/plugins/gravityforms/js/gravityforms.min.js?ver=2.9.25:1:33346
[     694ms] Error: Missing required parameters: sitekey
    at Ya.<anonymous> (https://www.gstatic.com/recaptcha/releases/vUgXt_KV952_-5BB2jjloYzl/recaptcha__en.js:261:132)
    at new Ya (https://www.gstatic.com/recaptcha/releases/vUgXt_KV952_-5BB2jjloYzl/recaptcha__en.js:1007:322)
    at Lq.<anonymous> (https://www.gstatic.com/recaptcha/releases/vUgXt_KV952_-5BB2jjloYzl/recaptcha__en.js:593:240)
    at new Lq (https://www.gstatic.com/recaptcha/releases/vUgXt_KV952_-5BB2jjloYzl/recaptcha__en.js:808:55)
    at https://www.gstatic.com/recaptcha/releases/vUgXt_KV952_-5BB2jjloYzl/recaptcha__en.js:383:185
    at HTMLDivElement.<anonymous> (https://www.westerngutters.com/wp-content/plugins/gravityforms/js/gravityforms.min.js?ver=2.9.25:1:30812)
    at ce.each (https://www.westerngutters.com/wp-includes/js/jquery/jquery.min.js?ver=3.7.1:2:3129)
    at ce.each (https://www.westerngutters.com/wp-includes/js/jquery/jquery.min.js?ver=3.7.1:2:1594)
    at renderRecaptcha (https://www.westerngutters.com/wp-content/plugins/gravityforms/js/gravityforms.min.js?ver=2.9.25:1:30376)
    at https://www.westerngutters.com/wp-content/plugins/gravityforms/js/gravityforms.min.js?ver=2.9.25:1:33346
[     698ms] Error: Missing required parameters: sitekey
    at Ya.<anonymous> (https://www.gstatic.com/recaptcha/releases/vUgXt_KV952_-5BB2jjloYzl/recaptcha__en.js:261:132)
    at new Ya (https://www.gstatic.com/recaptcha/releases/vUgXt_KV952_-5BB2jjloYzl/recaptcha__en.js:1007:322)
    at Lq.<anonymous> (https://www.gstatic.com/recaptcha/releases/vUgXt_KV952_-5BB2jjloYzl/recaptcha__en.js:593:240)
    at new Lq (https://www.gstatic.com/recaptcha/releases/vUgXt_KV952_-5BB2jjloYzl/recaptcha__en.js:808:55)
    at https://www.gstatic.com/recaptcha/releases/vUgXt_KV952_-5BB2jjloYzl/recaptcha__en.js:383:185
    at HTMLDivElement.<anonymous> (https://www.westerngutters.com/wp-content/plugins/gravityforms/js/gravityforms.min.js?ver=2.9.25:1:30812)
    at ce.each (https://www.westerngutters.com/wp-includes/js/jquery/jquery.min.js?ver=3.7.1:2:3129)
    at ce.each (https://www.westerngutters.com/wp-includes/js/jquery/jquery.min.js?ver=3.7.1:2:1594)
    at renderRecaptcha (https://www.westerngutters.com/wp-content/plugins/gravityforms/js/gravityforms.min.js?ver=2.9.25:1:30376)
    at https://www.westerngutters.com/wp-content/plugins/gravityforms/js/gravityforms.min.js?ver=2.9.25:1:33346
[     794ms] Error: Missing required parameters: sitekey
    at Ya.<anonymous> (https://www.gstatic.com/recaptcha/releases/vUgXt_KV952_-5BB2jjloYzl/recaptcha__en.js:261:132)
    at new Ya (https://www.gstatic.com/recaptcha/releases/vUgXt_KV952_-5BB2jjloYzl/recaptcha__en.js:1007:322)
    at Lq.<anonymous> (https://www.gstatic.com/recaptcha/releases/vUgXt_KV952_-5BB2jjloYzl/recaptcha__en.js:593:240)
    at new Lq (https://www.gstatic.com/recaptcha/releases/vUgXt_KV952_-5BB2jjloYzl/recaptcha__en.js:808:55)
    at https://www.gstatic.com/recaptcha/releases/vUgXt_KV952_-5BB2jjloYzl/recaptcha__en.js:383:185
    at HTMLDivElement.<anonymous> (https://www.westerngutters.com/wp-content/plugins/gravityforms/js/gravityforms.min.js?ver=2.9.25:1:30812)
    at ce.each (https://www.westerngutters.com/wp-includes/js/jquery/jquery.min.js?ver=3.7.1:2:3129)
    at ce.each (https://www.westerngutters.com/wp-includes/js/jquery/jquery.min.js?ver=3.7.1:2:1594)
    at renderRecaptcha (https://www.westerngutters.com/wp-content/plugins/gravityforms/js/gravityforms.min.js?ver=2.9.25:1:30376)
    at https://www.westerngutters.com/wp-content/plugins/gravityforms/js/gravityforms.min.js?ver=2.9.25:1:33346
[     794ms] Error: Missing required parameters: sitekey
    at Ya.<anonymous> (https://www.gstatic.com/recaptcha/releases/vUgXt_KV952_-5BB2jjloYzl/recaptcha__en.js:261:132)
    at new Ya (https://www.gstatic.com/recaptcha/releases/vUgXt_KV952_-5BB2jjloYzl/recaptcha__en.js:1007:322)
    at Lq.<anonymous> (https://www.gstatic.com/recaptcha/releases/vUgXt_KV952_-5BB2jjloYzl/recaptcha__en.js:593:240)
    at new Lq (https://www.gstatic.com/recaptcha/releases/vUgXt_KV952_-5BB2jjloYzl/recaptcha__en.js:808:55)
    at https://www.gstatic.com/recaptcha/releases/vUgXt_KV952_-5BB2jjloYzl/recaptcha__en.js:383:185
    at HTMLDivElement.<anonymous> (https://www.westerngutters.com/wp-content/plugins/gravityforms/js/gravityforms.min.js?ver=2.9.25:1:30812)
    at ce.each (https://www.westerngutters.com/wp-includes/js/jquery/jquery.min.js?ver=3.7.1:2:3129)
    at ce.each (https://www.westerngutters.com/wp-includes/js/jquery/jquery.min.js?ver=3.7.1:2:1594)
    at renderRecaptcha (https://www.westerngutters.com/wp-content/plugins/gravityforms/js/gravityforms.min.js?ver=2.9.25:1:30376)
    at https://www.westerngutters.com/wp-content/plugins/gravityforms/js/gravityforms.min.js?ver=2.9.25:1:33346
[     894ms] Error: Missing required parameters: sitekey
    at Ya.<anonymous> (https://www.gstatic.com/recaptcha/releases/vUgXt_KV952_-5BB2jjloYzl/recaptcha__en.js:261:132)
    at new Ya (https://www.gstatic.com/recaptcha/releases/vUgXt_KV952_-5BB2jjloYzl/recaptcha__en.js:1007:322)
    at Lq.<anonymous> (https://www.gstatic.com/recaptcha/releases/vUgXt_KV952_-5BB2jjloYzl/recaptcha__en.js:593:240)
    at new Lq (https://www.gstatic.com/recaptcha/releases/vUgXt_KV952_-5BB2jjloYzl/recaptcha__en.js:808:55)
    at https://www.gstatic.com/recaptcha/releases/vUgXt_KV952_-5BB2jjloYzl/recaptcha__en.js:383:185
    at HTMLDivElement.<anonymous> (https://www.westerngutters.com/wp-content/plugins/gravityforms/js/gravityforms.min.js?ver=2.9.25:1:30812)
    at ce.each (https://www.westerngutters.com/wp-includes/js/jquery/jquery.min.js?ver=3.7.1:2:3129)
    at ce.each (https://www.westerngutters.com/wp-includes/js/jquery/jquery.min.js?ver=3.7.1:2:1594)
    at renderRecaptcha (https://www.westerngutters.com/wp-content/plugins/gravityforms/js/gravityforms.min.js?ver=2.9.25:1:30376)
    at https://www.westerngutters.com/wp-content/plugins/gravityforms/js/gravityforms.min.js?ver=2.9.25:1:33346
[     895ms] Error: Missing required parameters: sitekey
    at Ya.<anonymous> (https://www.gstatic.com/recaptcha/releases/vUgXt_KV952_-5BB2jjloYzl/recaptcha__en.js:261:132)
    at new Ya (https://www.gstatic.com/recaptcha/releases/vUgXt_KV952_-5BB2jjloYzl/recaptcha__en.js:1007:322)
    at Lq.<anonymous> (https://www.gstatic.com/recaptcha/releases/vUgXt_KV952_-5BB2jjloYzl/recaptcha__en.js:593:240)
    at new Lq (https://www.gstatic.com/recaptcha/releases/vUgXt_KV952_-5BB2jjloYzl/recaptcha__en.js:808:55)
    at https://www.gstatic.com/recaptcha/releases/vUgXt_KV952_-5BB2jjloYzl/recaptcha__en.js:383:185
    at HTMLDivElement.<anonymous> (https://www.westerngutters.com/wp-content/plugins/gravityforms/js/gravityforms.min.js?ver=2.9.25:1:30812)
    at ce.each (https://www.westerngutters.com/wp-includes/js/jquery/jquery.min.js?ver=3.7.1:2:3129)
    at ce.each (https://www.westerngutters.com/wp-includes/js/jquery/jquery.min.js?ver=3.7.1:2:1594)
    at renderRecaptcha (https://www.westerngutters.com/wp-content/plugins/gravityforms/js/gravityforms.min.js?ver=2.9.25:1:30376)
    at https://www.westerngutters.com/wp-content/plugins/gravityforms/js/gravityforms.min.js?ver=2.9.25:1:33346
[     994ms] Error: Missing required parameters: sitekey
    at Ya.<anonymous> (https://www.gstatic.com/recaptcha/releases/vUgXt_KV952_-5BB2jjloYzl/recaptcha__en.js:261:132)
    at new Ya (https://www.gstatic.com/recaptcha/releases/vUgXt_KV952_-5BB2jjloYzl/recaptcha__en.js:1007:322)
    at Lq.<anonymous> (https://www.gstatic.com/recaptcha/releases/vUgXt_KV952_-5BB2jjloYzl/recaptcha__en.js:593:240)
    at new Lq (https://www.gstatic.com/recaptcha/releases/vUgXt_KV952_-5BB2jjloYzl/recaptcha__en.js:808:55)
    at https://www.gstatic.com/recaptcha/releases/vUgXt_KV952_-5BB2jjloYzl/recaptcha__en.js:383:185
    at HTMLDivElement.<anonymous> (https://www.westerngutters.com/wp-content/plugins/gravityforms/js/gravityforms.min.js?ver=2.9.25:1:30812)
    at ce.each (https://www.westerngutters.com/wp-includes/js/jquery/jquery.min.js?ver=3.7.1:2:3129)
    at ce.each (https://www.westerngutters.com/wp-includes/js/jquery/jquery.min.js?ver=3.7.1:2:1594)
    at renderRecaptcha (https://www.westerngutters.com/wp-content/plugins/gravityforms/js/gravityforms.min.js?ver=2.9.25:1:30376)
    at https://www.westerngutters.com/wp-content/plugins/gravityforms/js/gravityforms.min.js?ver=2.9.25:1:33346
[     997ms] Error: Missing required parameters: sitekey
    at Ya.<anonymous> (https://www.gstatic.com/recaptcha/releases/vUgXt_KV952_-5BB2jjloYzl/recaptcha__en.js:261:132)
    at new Ya (https://www.gstatic.com/recaptcha/releases/vUgXt_KV952_-5BB2jjloYzl/recaptcha__en.js:1007:322)
    at Lq.<anonymous> (https://www.gstatic.com/recaptcha/releases/vUgXt_KV952_-5BB2jjloYzl/recaptcha__en.js:593:240)
    at new Lq (https://www.gstatic.com/recaptcha/releases/vUgXt_KV952_-5BB2jjloYzl/recaptcha__en.js:808:55)
    at https://www.gstatic.com/recaptcha/releases/vUgXt_KV952_-5BB2jjloYzl/recaptcha__en.js:383:185
    at HTMLDivElement.<anonymous> (https://www.westerngutters.com/wp-content/plugins/gravityforms/js/gravityforms.min.js?ver=2.9.25:1:30812)
    at ce.each (https://www.westerngutters.com/wp-includes/js/jquery/jquery.min.js?ver=3.7.1:2:3129)
    at ce.each (https://www.westerngutters.com/wp-includes/js/jquery/jquery.min.js?ver=3.7.1:2:1594)
    at renderRecaptcha (https://www.westerngutters.com/wp-content/plugins/gravityforms/js/gravityforms.min.js?ver=2.9.25:1:30376)
    at https://www.westerngutters.com/wp-content/plugins/gravityforms/js/gravityforms.min.js?ver=2.9.25:1:33346
[    1094ms] Error: Missing required parameters: sitekey
    at Ya.<anonymous> (https://www.gstatic.com/recaptcha/releases/vUgXt_KV952_-5BB2jjloYzl/recaptcha__en.js:261:132)
    at new Ya (https://www.gstatic.com/recaptcha/releases/vUgXt_KV952_-5BB2jjloYzl/recaptcha__en.js:1007:322)
    at Lq.<anonymous> (https://www.gstatic.com/recaptcha/releases/vUgXt_KV952_-5BB2jjloYzl/recaptcha__en.js:593:240)
    at new Lq (https://www.gstatic.com/recaptcha/releases/vUgXt_KV952_-5BB2jjloYzl/recaptcha__en.js:808:55)
    at https://www.gstatic.com/recaptcha/releases/vUgXt_KV952_-5BB2jjloYzl/recaptcha__en.js:383:185
    at HTMLDivElement.<anonymous> (https://www.westerngutters.com/wp-content/plugins/gravityforms/js/gravityforms.min.js?ver=2.9.25:1:30812)
    at ce.each (https://www.westerngutters.com/wp-includes/js/jquery/jquery.min.js?ver=3.7.1:2:3129)
    at ce.each (https://www.westerngutters.com/wp-includes/js/jquery/jquery.min.js?ver=3.7.1:2:1594)
    at renderRecaptcha (https://www.westerngutters.com/wp-content/plugins/gravityforms/js/gravityforms.min.js?ver=2.9.25:1:30376)
    at https://www.westerngutters.com/wp-content/plugins/gravityforms/js/gravityforms.min.js?ver=2.9.25:1:33346
[    1095ms] Error: Missing required parameters: sitekey
    at Ya.<anonymous> (https://www.gstatic.com/recaptcha/releases/vUgXt_KV952_-5BB2jjloYzl/recaptcha__en.js:261:132)
    at new Ya (https://www.gstatic.com/recaptcha/releases/vUgXt_KV952_-5BB2jjloYzl/recaptcha__en.js:1007:322)
    at Lq.<anonymous> (https://www.gstatic.com/recaptcha/releases/vUgXt_KV952_-5BB2jjloYzl/recaptcha__en.js:593:240)
    at new Lq (https://www.gstatic.com/recaptcha/releases/vUgXt_KV952_-5BB2jjloYzl/recaptcha__en.js:808:55)
    at https://www.gstatic.com/recaptcha/releases/vUgXt_KV952_-5BB2jjloYzl/recaptcha__en.js:383:185
    at HTMLDivElement.<anonymous> (https://www.westerngutters.com/wp-content/plugins/gravityforms/js/gravityforms.min.js?ver=2.9.25:1:30812)
    at ce.each (https://www.westerngutters.com/wp-includes/js/jquery/jquery.min.js?ver=3.7.1:2:3129)
    at ce.each (https://www.westerngutters.com/wp-includes/js/jquery/jquery.min.js?ver=3.7.1:2:1594)
    at renderRecaptcha (https://www.westerngutters.com/wp-content/plugins/gravityforms/js/gravityforms.min.js?ver=2.9.25:1:30376)
    at https://www.westerngutters.com/wp-content/plugins/gravityforms/js/gravityforms.min.js?ver=2.9.25:1:33346
[    1195ms] Error: Missing required parameters: sitekey
    at Ya.<anonymous> (https://www.gstatic.com/recaptcha/releases/vUgXt_KV952_-5BB2jjloYzl/recaptcha__en.js:261:132)
    at new Ya (https://www.gstatic.com/recaptcha/releases/vUgXt_KV952_-5BB2jjloYzl/recaptcha__en.js:1007:322)
    at Lq.<anonymous> (https://www.gstatic.com/recaptcha/releases/vUgXt_KV952_-5BB2jjloYzl/recaptcha__en.js:593:240)
    at new Lq (https://www.gstatic.com/recaptcha/releases/vUgXt_KV952_-5BB2jjloYzl/recaptcha__en.js:808:55)
    at https://www.gstatic.com/recaptcha/releases/vUgXt_KV952_-5BB2jjloYzl/recaptcha__en.js:383:185
    at HTMLDivElement.<anonymous> (https://www.westerngutters.com/wp-content/plugins/gravityforms/js/gravityforms.min.js?ver=2.9.25:1:30812)
    at ce.each (https://www.westerngutters.com/wp-includes/js/jquery/jquery.min.js?ver=3.7.1:2:3129)
    at ce.each (https://www.westerngutters.com/wp-includes/js/jquery/jquery.min.js?ver=3.7.1:2:1594)
    at renderRecaptcha (https://www.westerngutters.com/wp-content/plugins/gravityforms/js/gravityforms.min.js?ver=2.9.25:1:30376)
    at https://www.westerngutters.com/wp-content/plugins/gravityforms/js/gravityforms.min.js?ver=2.9.25:1:33346
[    1196ms] Error: Missing required parameters: sitekey
    at Ya.<anonymous> (https://www.gstatic.com/recaptcha/releases/vUgXt_KV952_-5BB2jjloYzl/recaptcha__en.js:261:132)
    at new Ya (https://www.gstatic.com/recaptcha/releases/vUgXt_KV952_-5BB2jjloYzl/recaptcha__en.js:1007:322)
    at Lq.<anonymous> (https://www.gstatic.com/recaptcha/releases/vUgXt_KV952_-5BB2jjloYzl/recaptcha__en.js:593:240)
    at new Lq (https://www.gstatic.com/recaptcha/releases/vUgXt_KV952_-5BB2jjloYzl/recaptcha__en.js:808:55)
    at https://www.gstatic.com/recaptcha/releases/vUgXt_KV952_-5BB2jjloYzl/recaptcha__en.js:383:185
    at HTMLDivElement.<anonymous> (https://www.westerngutters.com/wp-content/plugins/gravityforms/js/gravityforms.min.js?ver=2.9.25:1:30812)
    at ce.each (https://www.westerngutters.com/wp-includes/js/jquery/jquery.min.js?ver=3.7.1:2:3129)
    at ce.each (https://www.westerngutters.com/wp-includes/js/jquery/jquery.min.js?ver=3.7.1:2:1594)
    at renderRecaptcha (https://www.westerngutters.com/wp-content/plugins/gravityforms/js/gravityforms.min.js?ver=2.9.25:1:30376)
    at https://www.westerngutters.com/wp-content/plugins/gravityforms/js/gravityforms.min.js?ver=2.9.25:1:33346
[    1295ms] Error: Missing required parameters: sitekey
    at Ya.<anonymous> (https://www.gstatic.com/recaptcha/releases/vUgXt_KV952_-5BB2jjloYzl/recaptcha__en.js:261:132)
    at new Ya (https://www.gstatic.com/recaptcha/releases/vUgXt_KV952_-5BB2jjloYzl/recaptcha__en.js:1007:322)
    at Lq.<anonymous> (https://www.gstatic.com/recaptcha/releases/vUgXt_KV952_-5BB2jjloYzl/recaptcha__en.js:593:240)
    at new Lq (https://www.gstatic.com/recaptcha/releases/vUgXt_KV952_-5BB2jjloYzl/recaptcha__en.js:808:55)
    at https://www.gstatic.com/recaptcha/releases/vUgXt_KV952_-5BB2jjloYzl/recaptcha__en.js:383:185
    at HTMLDivElement.<anonymous> (https://www.westerngutters.com/wp-content/plugins/gravityforms/js/gravityforms.min.js?ver=2.9.25:1:30812)
    at ce.each (https://www.westerngutters.com/wp-includes/js/jquery/jquery.min.js?ver=3.7.1:2:3129)
    at ce.each (https://www.westerngutters.com/wp-includes/js/jquery/jquery.min.js?ver=3.7.1:2:1594)
    at renderRecaptcha (https://www.westerngutters.com/wp-content/plugins/gravityforms/js/gravityforms.min.js?ver=2.9.25:1:30376)
    at https://www.westerngutters.com/wp-content/plugins/gravityforms/js/gravityforms.min.js?ver=2.9.25:1:33346
[    1296ms] Error: Missing required parameters: sitekey
    at Ya.<anonymous> (https://www.gstatic.com/recaptcha/releases/vUgXt_KV952_-5BB2jjloYzl/recaptcha__en.js:261:132)
    at new Ya (https://www.gstatic.com/recaptcha/releases/vUgXt_KV952_-5BB2jjloYzl/recaptcha__en.js:1007:322)
    at Lq.<anonymous> (https://www.gstatic.com/recaptcha/releases/vUgXt_KV952_-5BB2jjloYzl/recaptcha__en.js:593:240)
    at new Lq (https://www.gstatic.com/recaptcha/releases/vUgXt_KV952_-5BB2jjloYzl/recaptcha__en.js:808:55)
    at https://www.gstatic.com/recaptcha/releases/vUgXt_KV952_-5BB2jjloYzl/recaptcha__en.js:383:185
    at HTMLDivElement.<anonymous> (https://www.westerngutters.com/wp-content/plugins/gravityforms/js/gravityforms.min.js?ver=2.9.25:1:30812)
    at ce.each (https://www.westerngutters.com/wp-includes/js/jquery/jquery.min.js?ver=3.7.1:2:3129)
    at ce.each (https://www.westerngutters.com/wp-includes/js/jquery/jquery.min.js?ver=3.7.1:2:1594)
    at renderRecaptcha (https://www.westerngutters.com/wp-content/plugins/gravityforms/js/gravityforms.min.js?ver=2.9.25:1:30376)
    at https://www.westerngutters.com/wp-content/plugins/gravityforms/js/gravityforms.min.js?ver=2.9.25:1:33346
[    1395ms] Error: Missing required parameters: sitekey
    at Ya.<anonymous> (https://www.gstatic.com/recaptcha/releases/vUgXt_KV952_-5BB2jjloYzl/recaptcha__en.js:261:132)
    at new Ya (https://www.gstatic.com/recaptcha/releases/vUgXt_KV952_-5BB2jjloYzl/recaptcha__en.js:1007:322)
    at Lq.<anonymous> (https://www.gstatic.com/recaptcha/releases/vUgXt_KV952_-5BB2jjloYzl/recaptcha__en.js:593:240)
    at new Lq (https://www.gstatic.com/recaptcha/releases/vUgXt_KV952_-5BB2jjloYzl/recaptcha__en.js:808:55)
    at https://www.gstatic.com/recaptcha/releases/vUgXt_KV952_-5BB2jjloYzl/recaptcha__en.js:383:185
    at HTMLDivElement.<anonymous> (https://www.westerngutters.com/wp-content/plugins/gravityforms/js/gravityforms.min.js?ver=2.9.25:1:30812)
    at ce.each (https://www.westerngutters.com/wp-includes/js/jquery/jquery.min.js?ver=3.7.1:2:3129)
    at ce.each (https://www.westerngutters.com/wp-includes/js/jquery/jquery.min.js?ver=3.7.1:2:1594)
    at renderRecaptcha (https://www.westerngutters.com/wp-content/plugins/gravityforms/js/gravityforms.min.js?ver=2.9.25:1:30376)
    at https://www.westerngutters.com/wp-content/plugins/gravityforms/js/gravityforms.min.js?ver=2.9.25:1:33346
[    1396ms] Error: Missing required parameters: sitekey
    at Ya.<anonymous> (https://www.gstatic.com/recaptcha/releases/vUgXt_KV952_-5BB2jjloYzl/recaptcha__en.js:261:132)
    at new Ya (https://www.gstatic.com/recaptcha/releases/vUgXt_KV952_-5BB2jjloYzl/recaptcha__en.js:1007:322)
    at Lq.<anonymous> (https://www.gstatic.com/recaptcha/releases/vUgXt_KV952_-5BB2jjloYzl/recaptcha__en.js:593:240)
    at new Lq (https://www.gstatic.com/recaptcha/releases/vUgXt_KV952_-5BB2jjloYzl/recaptcha__en.js:808:55)
    at https://www.gstatic.com/recaptcha/releases/vUgXt_KV952_-5BB2jjloYzl/recaptcha__en.js:383:185
    at HTMLDivElement.<anonymous> (https://www.westerngutters.com/wp-content/plugins/gravityforms/js/gravityforms.min.js?ver=2.9.25:1:30812)
    at ce.each (https://www.westerngutters.com/wp-includes/js/jquery/jquery.min.js?ver=3.7.1:2:3129)
    at ce.each (https://www.westerngutters.com/wp-includes/js/jquery/jquery.min.js?ver=3.7.1:2:1594)
    at renderRecaptcha (https://www.westerngutters.com/wp-content/plugins/gravityforms/js/gravityforms.min.js?ver=2.9.25:1:30376)
    at https://www.westerngutters.com/wp-content/plugins/gravityforms/js/gravityforms.min.js?ver=2.9.25:1:33346
[    1495ms] Error: Missing required parameters: sitekey
    at Ya.<anonymous> (https://www.gstatic.com/recaptcha/releases/vUgXt_KV952_-5BB2jjloYzl/recaptcha__en.js:261:132)
    at new Ya (https://www.gstatic.com/recaptcha/releases/vUgXt_KV952_-5BB2jjloYzl/recaptcha__en.js:1007:322)
    at Lq.<anonymous> (https://www.gstatic.com/recaptcha/releases/vUgXt_KV952_-5BB2jjloYzl/recaptcha__en.js:593:240)
    at new Lq (https://www.gstatic.com/recaptcha/releases/vUgXt_KV952_-5BB2jjloYzl/recaptcha__en.js:808:55)
    at https://www.gstatic.com/recaptcha/releases/vUgXt_KV952_-5BB2jjloYzl/recaptcha__en.js:383:185
    at HTMLDivElement.<anonymous> (https://www.westerngutters.com/wp-content/plugins/gravityforms/js/gravityforms.min.js?ver=2.9.25:1:30812)
    at ce.each (https://www.westerngutters.com/wp-includes/js/jquery/jquery.min.js?ver=3.7.1:2:3129)
    at ce.each (https://www.westerngutters.com/wp-includes/js/jquery/jquery.min.js?ver=3.7.1:2:1594)
    at renderRecaptcha (https://www.westerngutters.com/wp-content/plugins/gravityforms/js/gravityforms.min.js?ver=2.9.25:1:30376)
    at https://www.westerngutters.com/wp-content/plugins/gravityforms/js/gravityforms.min.js?ver=2.9.25:1:33346
[    1495ms] Error: Missing required parameters: sitekey
    at Ya.<anonymous> (https://www.gstatic.com/recaptcha/releases/vUgXt_KV952_-5BB2jjloYzl/recaptcha__en.js:261:132)
    at new Ya (https://www.gstatic.com/recaptcha/releases/vUgXt_KV952_-5BB2jjloYzl/recaptcha__en.js:1007:322)
    at Lq.<anonymous> (https://www.gstatic.com/recaptcha/releases/vUgXt_KV952_-5BB2jjloYzl/recaptcha__en.js:593:240)
    at new Lq (https://www.gstatic.com/recaptcha/releases/vUgXt_KV952_-5BB2jjloYzl/recaptcha__en.js:808:55)
    at https://www.gstatic.com/recaptcha/releases/vUgXt_KV952_-5BB2jjloYzl/recaptcha__en.js:383:185
    at HTMLDivElement.<anonymous> (https://www.westerngutters.com/wp-content/plugins/gravityforms/js/gravityforms.min.js?ver=2.9.25:1:30812)
    at ce.each (https://www.westerngutters.com/wp-includes/js/jquery/jquery.min.js?ver=3.7.1:2:3129)
    at ce.each (https://www.westerngutters.com/wp-includes/js/jquery/jquery.min.js?ver=3.7.1:2:1594)
    at renderRecaptcha (https://www.westerngutters.com/wp-content/plugins/gravityforms/js/gravityforms.min.js?ver=2.9.25:1:30376)
    at https://www.westerngutters.com/wp-content/plugins/gravityforms/js/gravityforms.min.js?ver=2.9.25:1:33346
[    1595ms] Error: Missing required parameters: sitekey
    at Ya.<anonymous> (https://www.gstatic.com/recaptcha/releases/vUgXt_KV952_-5BB2jjloYzl/recaptcha__en.js:261:132)
    at new Ya (https://www.gstatic.com/recaptcha/releases/vUgXt_KV952_-5BB2jjloYzl/recaptcha__en.js:1007:322)
    at Lq.<anonymous> (https://www.gstatic.com/recaptcha/releases/vUgXt_KV952_-5BB2jjloYzl/recaptcha__en.js:593:240)
    at new Lq (https://www.gstatic.com/recaptcha/releases/vUgXt_KV952_-5BB2jjloYzl/recaptcha__en.js:808:55)
    at https://www.gstatic.com/recaptcha/releases/vUgXt_KV952_-5BB2jjloYzl/recaptcha__en.js:383:185
    at HTMLDivElement.<anonymous> (https://www.westerngutters.com/wp-content/plugins/gravityforms/js/gravityforms.min.js?ver=2.9.25:1:30812)
    at ce.each (https://www.westerngutters.com/wp-includes/js/jquery/jquery.min.js?ver=3.7.1:2:3129)
    at ce.each (https://www.westerngutters.com/wp-includes/js/jquery/jquery.min.js?ver=3.7.1:2:1594)
    at renderRecaptcha (https://www.westerngutters.com/wp-content/plugins/gravityforms/js/gravityforms.min.js?ver=2.9.25:1:30376)
    at https://www.westerngutters.com/wp-content/plugins/gravityforms/js/gravityforms.min.js?ver=2.9.25:1:33346
[    1595ms] Error: Missing required parameters: sitekey
    at Ya.<anonymous> (https://www.gstatic.com/recaptcha/releases/vUgXt_KV952_-5BB2jjloYzl/recaptcha__en.js:261:132)
    at new Ya (https://www.gstatic.com/recaptcha/releases/vUgXt_KV952_-5BB2jjloYzl/recaptcha__en.js:1007:322)
    at Lq.<anonymous> (https://www.gstatic.com/recaptcha/releases/vUgXt_KV952_-5BB2jjloYzl/recaptcha__en.js:593:240)
    at new Lq (https://www.gstatic.com/recaptcha/releases/vUgXt_KV952_-5BB2jjloYzl/recaptcha__en.js:808:55)
    at https://www.gstatic.com/recaptcha/releases/vUgXt_KV952_-5BB2jjloYzl/recaptcha__en.js:383:185
    at HTMLDivElement.<anonymous> (https://www.westerngutters.com/wp-content/plugins/gravityforms/js/gravityforms.min.js?ver=2.9.25:1:30812)
    at ce.each (https://www.westerngutters.com/wp-includes/js/jquery/jquery.min.js?ver=3.7.1:2:3129)
    at ce.each (https://www.westerngutters.com/wp-includes/js/jquery/jquery.min.js?ver=3.7.1:2:1594)
    at renderRecaptcha (https://www.westerngutters.com/wp-content/plugins/gravityforms/js/gravityforms.min.js?ver=2.9.25:1:30376)
    at https://www.westerngutters.com/wp-content/plugins/gravityforms/js/gravityforms.min.js?ver=2.9.25:1:33346
[    1694ms] Error: Missing required parameters: sitekey
    at Ya.<anonymous> (https://www.gstatic.com/recaptcha/releases/vUgXt_KV952_-5BB2jjloYzl/recaptcha__en.js:261:132)
    at new Ya (https://www.gstatic.com/recaptcha/releases/vUgXt_KV952_-5BB2jjloYzl/recaptcha__en.js:1007:322)
    at Lq.<anonymous> (https://www.gstatic.com/recaptcha/releases/vUgXt_KV952_-5BB2jjloYzl/recaptcha__en.js:593:240)
    at new Lq (https://www.gstatic.com/recaptcha/releases/vUgXt_KV952_-5BB2jjloYzl/recaptcha__en.js:808:55)
    at https://www.gstatic.com/recaptcha/releases/vUgXt_KV952_-5BB2jjloYzl/recaptcha__en.js:383:185
    at HTMLDivElement.<anonymous> (https://www.westerngutters.com/wp-content/plugins/gravityforms/js/gravityforms.min.js?ver=2.9.25:1:30812)
    at ce.each (https://www.westerngutters.com/wp-includes/js/jquery/jquery.min.js?ver=3.7.1:2:3129)
    at ce.each (https://www.westerngutters.com/wp-includes/js/jquery/jquery.min.js?ver=3.7.1:2:1594)
    at renderRecaptcha (https://www.westerngutters.com/wp-content/plugins/gravityforms/js/gravityforms.min.js?ver=2.9.25:1:30376)
    at https://www.westerngutters.com/wp-content/plugins/gravityforms/js/gravityforms.min.js?ver=2.9.25:1:33346
[    1695ms] Error: Missing required parameters: sitekey
    at Ya.<anonymous> (https://www.gstatic.com/recaptcha/releases/vUgXt_KV952_-5BB2jjloYzl/recaptcha__en.js:261:132)
    at new Ya (https://www.gstatic.com/recaptcha/releases/vUgXt_KV952_-5BB2jjloYzl/recaptcha__en.js:1007:322)
    at Lq.<anonymous> (https://www.gstatic.com/recaptcha/releases/vUgXt_KV952_-5BB2jjloYzl/recaptcha__en.js:593:240)
    at new Lq (https://www.gstatic.com/recaptcha/releases/vUgXt_KV952_-5BB2jjloYzl/recaptcha__en.js:808:55)
    at https://www.gstatic.com/recaptcha/releases/vUgXt_KV952_-5BB2jjloYzl/recaptcha__en.js:383:185
    at HTMLDivElement.<anonymous> (https://www.westerngutters.com/wp-content/plugins/gravityforms/js/gravityforms.min.js?ver=2.9.25:1:30812)
    at ce.each (https://www.westerngutters.com/wp-includes/js/jquery/jquery.min.js?ver=3.7.1:2:3129)
    at ce.each (https://www.westerngutters.com/wp-includes/js/jquery/jquery.min.js?ver=3.7.1:2:1594)
    at renderRecaptcha (https://www.westerngutters.com/wp-content/plugins/gravityforms/js/gravityforms.min.js?ver=2.9.25:1:30376)
    at https://www.westerngutters.com/wp-content/plugins/gravityforms/js/gravityforms.min.js?ver=2.9.25:1:33346
[    1794ms] Error: Missing required parameters: sitekey
    at Ya.<anonymous> (https://www.gstatic.com/recaptcha/releases/vUgXt_KV952_-5BB2jjloYzl/recaptcha__en.js:261:132)
    at new Ya (https://www.gstatic.com/recaptcha/releases/vUgXt_KV952_-5BB2jjloYzl/recaptcha__en.js:1007:322)
    at Lq.<anonymous> (https://www.gstatic.com/recaptcha/releases/vUgXt_KV952_-5BB2jjloYzl/recaptcha__en.js:593:240)
    at new Lq (https://www.gstatic.com/recaptcha/releases/vUgXt_KV952_-5BB2jjloYzl/recaptcha__en.js:808:55)
    at https://www.gstatic.com/recaptcha/releases/vUgXt_KV952_-5BB2jjloYzl/recaptcha__en.js:383:185
    at HTMLDivElement.<anonymous> (https://www.westerngutters.com/wp-content/plugins/gravityforms/js/gravityforms.min.js?ver=2.9.25:1:30812)
    at ce.each (https://www.westerngutters.com/wp-includes/js/jquery/jquery.min.js?ver=3.7.1:2:3129)
    at ce.each (https://www.westerngutters.com/wp-includes/js/jquery/jquery.min.js?ver=3.7.1:2:1594)
    at renderRecaptcha (https://www.westerngutters.com/wp-content/plugins/gravityforms/js/gravityforms.min.js?ver=2.9.25:1:30376)
    at https://www.westerngutters.com/wp-content/plugins/gravityforms/js/gravityforms.min.js?ver=2.9.25:1:33346
[    1795ms] Error: Missing required parameters: sitekey
    at Ya.<anonymous> (https://www.gstatic.com/recaptcha/releases/vUgXt_KV952_-5BB2jjloYzl/recaptcha__en.js:261:132)
    at new Ya (https://www.gstatic.com/recaptcha/releases/vUgXt_KV952_-5BB2jjloYzl/recaptcha__en.js:1007:322)
    at Lq.<anonymous> (https://www.gstatic.com/recaptcha/releases/vUgXt_KV952_-5BB2jjloYzl/recaptcha__en.js:593:240)
    at new Lq (https://www.gstatic.com/recaptcha/releases/vUgXt_KV952_-5BB2jjloYzl/recaptcha__en.js:808:55)
    at https://www.gstatic.com/recaptcha/releases/vUgXt_KV952_-5BB2jjloYzl/recaptcha__en.js:383:185
    at HTMLDivElement.<anonymous> (https://www.westerngutters.com/wp-content/plugins/gravityforms/js/gravityforms.min.js?ver=2.9.25:1:30812)
    at ce.each (https://www.westerngutters.com/wp-includes/js/jquery/jquery.min.js?ver=3.7.1:2:3129)
    at ce.each (https://www.westerngutters.com/wp-includes/js/jquery/jquery.min.js?ver=3.7.1:2:1594)
    at renderRecaptcha (https://www.westerngutters.com/wp-content/plugins/gravityforms/js/gravityforms.min.js?ver=2.9.25:1:30376)
    at https://www.westerngutters.com/wp-content/plugins/gravityforms/js/gravityforms.min.js?ver=2.9.25:1:33346
[    1895ms] Error: Missing required parameters: sitekey
    at Ya.<anonymous> (https://www.gstatic.com/recaptcha/releases/vUgXt_KV952_-5BB2jjloYzl/recaptcha__en.js:261:132)
    at new Ya (https://www.gstatic.com/recaptcha/releases/vUgXt_KV952_-5BB2jjloYzl/recaptcha__en.js:1007:322)
    at Lq.<anonymous> (https://www.gstatic.com/recaptcha/releases/vUgXt_KV952_-5BB2jjloYzl/recaptcha__en.js:593:240)
    at new Lq (https://www.gstatic.com/recaptcha/releases/vUgXt_KV952_-5BB2jjloYzl/recaptcha__en.js:808:55)
    at https://www.gstatic.com/recaptcha/releases/vUgXt_KV952_-5BB2jjloYzl/recaptcha__en.js:383:185
    at HTMLDivElement.<anonymous> (https://www.westerngutters.com/wp-content/plugins/gravityforms/js/gravityforms.min.js?ver=2.9.25:1:30812)
    at ce.each (https://www.westerngutters.com/wp-includes/js/jquery/jquery.min.js?ver=3.7.1:2:3129)
    at ce.each (https://www.westerngutters.com/wp-includes/js/jquery/jquery.min.js?ver=3.7.1:2:1594)
    at renderRecaptcha (https://www.westerngutters.com/wp-content/plugins/gravityforms/js/gravityforms.min.js?ver=2.9.25:1:30376)
    at https://www.westerngutters.com/wp-content/plugins/gravityforms/js/gravityforms.min.js?ver=2.9.25:1:33346
[    1895ms] Error: Missing required parameters: sitekey
    at Ya.<anonymous> (https://www.gstatic.com/recaptcha/releases/vUgXt_KV952_-5BB2jjloYzl/recaptcha__en.js:261:132)
    at new Ya (https://www.gstatic.com/recaptcha/releases/vUgXt_KV952_-5BB2jjloYzl/recaptcha__en.js:1007:322)
    at Lq.<anonymous> (https://www.gstatic.com/recaptcha/releases/vUgXt_KV952_-5BB2jjloYzl/recaptcha__en.js:593:240)
    at new Lq (https://www.gstatic.com/recaptcha/releases/vUgXt_KV952_-5BB2jjloYzl/recaptcha__en.js:808:55)
    at https://www.gstatic.com/recaptcha/releases/vUgXt_KV952_-5BB2jjloYzl/recaptcha__en.js:383:185
    at HTMLDivElement.<anonymous> (https://www.westerngutters.com/wp-content/plugins/gravityforms/js/gravityforms.min.js?ver=2.9.25:1:30812)
    at ce.each (https://www.westerngutters.com/wp-includes/js/jquery/jquery.min.js?ver=3.7.1:2:3129)
    at ce.each (https://www.westerngutters.com/wp-includes/js/jquery/jquery.min.js?ver=3.7.1:2:1594)
    at renderRecaptcha (https://www.westerngutters.com/wp-content/plugins/gravityforms/js/gravityforms.min.js?ver=2.9.25:1:30376)
    at https://www.westerngutters.com/wp-content/plugins/gravityforms/js/gravityforms.min.js?ver=2.9.25:1:33346
[    1995ms] Error: Missing required parameters: sitekey
    at Ya.<anonymous> (https://www.gstatic.com/recaptcha/releases/vUgXt_KV952_-5BB2jjloYzl/recaptcha__en.js:261:132)
    at new Ya (https://www.gstatic.com/recaptcha/releases/vUgXt_KV952_-5BB2jjloYzl/recaptcha__en.js:1007:322)
    at Lq.<anonymous> (https://www.gstatic.com/recaptcha/releases/vUgXt_KV952_-5BB2jjloYzl/recaptcha__en.js:593:240)
    at new Lq (https://www.gstatic.com/recaptcha/releases/vUgXt_KV952_-5BB2jjloYzl/recaptcha__en.js:808:55)
    at https://www.gstatic.com/recaptcha/releases/vUgXt_KV952_-5BB2jjloYzl/recaptcha__en.js:383:185
    at HTMLDivElement.<anonymous> (https://www.westerngutters.com/wp-content/plugins/gravityforms/js/gravityforms.min.js?ver=2.9.25:1:30812)
    at ce.each (https://www.westerngutters.com/wp-includes/js/jquery/jquery.min.js?ver=3.7.1:2:3129)
    at ce.each (https://www.westerngutters.com/wp-includes/js/jquery/jquery.min.js?ver=3.7.1:2:1594)
    at renderRecaptcha (https://www.westerngutters.com/wp-content/plugins/gravityforms/js/gravityforms.min.js?ver=2.9.25:1:30376)
    at https://www.westerngutters.com/wp-content/plugins/gravityforms/js/gravityforms.min.js?ver=2.9.25:1:33346
[    1996ms] Error: Missing required parameters: sitekey
    at Ya.<anonymous> (https://www.gstatic.com/recaptcha/releases/vUgXt_KV952_-5BB2jjloYzl/recaptcha__en.js:261:132)
    at new Ya (https://www.gstatic.com/recaptcha/releases/vUgXt_KV952_-5BB2jjloYzl/recaptcha__en.js:1007:322)
    at Lq.<anonymous> (https://www.gstatic.com/recaptcha/releases/vUgXt_KV952_-5BB2jjloYzl/recaptcha__en.js:593:240)
    at new Lq (https://www.gstatic.com/recaptcha/releases/vUgXt_KV952_-5BB2jjloYzl/recaptcha__en.js:808:55)
    at https://www.gstatic.com/recaptcha/releases/vUgXt_KV952_-5BB2jjloYzl/recaptcha__en.js:383:185
    at HTMLDivElement.<anonymous> (https://www.westerngutters.com/wp-content/plugins/gravityforms/js/gravityforms.min.js?ver=2.9.25:1:30812)
    at ce.each (https://www.westerngutters.com/wp-includes/js/jquery/jquery.min.js?ver=3.7.1:2:3129)
    at ce.each (https://www.westerngutters.com/wp-includes/js/jquery/jquery.min.js?ver=3.7.1:2:1594)
    at renderRecaptcha (https://www.westerngutters.com/wp-content/plugins/gravityforms/js/gravityforms.min.js?ver=2.9.25:1:30376)
    at https://www.westerngutters.com/wp-content/plugins/gravityforms/js/gravityforms.min.js?ver=2.9.25:1:33346
[    2094ms] Error: Missing required parameters: sitekey
    at Ya.<anonymous> (https://www.gstatic.com/recaptcha/releases/vUgXt_KV952_-5BB2jjloYzl/recaptcha__en.js:261:132)
    at new Ya (https://www.gstatic.com/recaptcha/releases/vUgXt_KV952_-5BB2jjloYzl/recaptcha__en.js:1007:322)
    at Lq.<anonymous> (https://www.gstatic.com/recaptcha/releases/vUgXt_KV952_-5BB2jjloYzl/recaptcha__en.js:593:240)
    at new Lq (https://www.gstatic.com/recaptcha/releases/vUgXt_KV952_-5BB2jjloYzl/recaptcha__en.js:808:55)
    at https://www.gstatic.com/recaptcha/releases/vUgXt_KV952_-5BB2jjloYzl/recaptcha__en.js:383:185
    at HTMLDivElement.<anonymous> (https://www.westerngutters.com/wp-content/plugins/gravityforms/js/gravityforms.min.js?ver=2.9.25:1:30812)
    at ce.each (https://www.westerngutters.com/wp-includes/js/jquery/jquery.min.js?ver=3.7.1:2:3129)
    at ce.each (https://www.westerngutters.com/wp-includes/js/jquery/jquery.min.js?ver=3.7.1:2:1594)
    at renderRecaptcha (https://www.westerngutters.com/wp-content/plugins/gravityforms/js/gravityforms.min.js?ver=2.9.25:1:30376)
    at https://www.westerngutters.com/wp-content/plugins/gravityforms/js/gravityforms.min.js?ver=2.9.25:1:33346
[    2096ms] Error: Missing required parameters: sitekey
    at Ya.<anonymous> (https://www.gstatic.com/recaptcha/releases/vUgXt_KV952_-5BB2jjloYzl/recaptcha__en.js:261:132)
    at new Ya (https://www.gstatic.com/recaptcha/releases/vUgXt_KV952_-5BB2jjloYzl/recaptcha__en.js:1007:322)
    at Lq.<anonymous> (https://www.gstatic.com/recaptcha/releases/vUgXt_KV952_-5BB2jjloYzl/recaptcha__en.js:593:240)
    at new Lq (https://www.gstatic.com/recaptcha/releases/vUgXt_KV952_-5BB2jjloYzl/recaptcha__en.js:808:55)
    at https://www.gstatic.com/recaptcha/releases/vUgXt_KV952_-5BB2jjloYzl/recaptcha__en.js:383:185
    at HTMLDivElement.<anonymous> (https://www.westerngutters.com/wp-content/plugins/gravityforms/js/gravityforms.min.js?ver=2.9.25:1:30812)
    at ce.each (https://www.westerngutters.com/wp-includes/js/jquery/jquery.min.js?ver=3.7.1:2:3129)
    at ce.each (https://www.westerngutters.com/wp-includes/js/jquery/jquery.min.js?ver=3.7.1:2:1594)
    at renderRecaptcha (https://www.westerngutters.com/wp-content/plugins/gravityforms/js/gravityforms.min.js?ver=2.9.25:1:30376)
    at https://www.westerngutters.com/wp-content/plugins/gravityforms/js/gravityforms.min.js?ver=2.9.25:1:33346
[    2194ms] Error: Missing required parameters: sitekey
    at Ya.<anonymous> (https://www.gstatic.com/recaptcha/releases/vUgXt_KV952_-5BB2jjloYzl/recaptcha__en.js:261:132)
    at new Ya (https://www.gstatic.com/recaptcha/releases/vUgXt_KV952_-5BB2jjloYzl/recaptcha__en.js:1007:322)
    at Lq.<anonymous> (https://www.gstatic.com/recaptcha/releases/vUgXt_KV952_-5BB2jjloYzl/recaptcha__en.js:593:240)
    at new Lq (https://www.gstatic.com/recaptcha/releases/vUgXt_KV952_-5BB2jjloYzl/recaptcha__en.js:808:55)
    at https://www.gstatic.com/recaptcha/releases/vUgXt_KV952_-5BB2jjloYzl/recaptcha__en.js:383:185
    at HTMLDivElement.<anonymous> (https://www.westerngutters.com/wp-content/plugins/gravityforms/js/gravityforms.min.js?ver=2.9.25:1:30812)
    at ce.each (https://www.westerngutters.com/wp-includes/js/jquery/jquery.min.js?ver=3.7.1:2:3129)
    at ce.each (https://www.westerngutters.com/wp-includes/js/jquery/jquery.min.js?ver=3.7.1:2:1594)
    at renderRecaptcha (https://www.westerngutters.com/wp-content/plugins/gravityforms/js/gravityforms.min.js?ver=2.9.25:1:30376)
    at https://www.westerngutters.com/wp-content/plugins/gravityforms/js/gravityforms.min.js?ver=2.9.25:1:33346
[    2196ms] Error: Missing required parameters: sitekey
    at Ya.<anonymous> (https://www.gstatic.com/recaptcha/releases/vUgXt_KV952_-5BB2jjloYzl/recaptcha__en.js:261:132)
    at new Ya (https://www.gstatic.com/recaptcha/releases/vUgXt_KV952_-5BB2jjloYzl/recaptcha__en.js:1007:322)
    at Lq.<anonymous> (https://www.gstatic.com/recaptcha/releases/vUgXt_KV952_-5BB2jjloYzl/recaptcha__en.js:593:240)
    at new Lq (https://www.gstatic.com/recaptcha/releases/vUgXt_KV952_-5BB2jjloYzl/recaptcha__en.js:808:55)
    at https://www.gstatic.com/recaptcha/releases/vUgXt_KV952_-5BB2jjloYzl/recaptcha__en.js:383:185
    at HTMLDivElement.<anonymous> (https://www.westerngutters.com/wp-content/plugins/gravityforms/js/gravityforms.min.js?ver=2.9.25:1:30812)
    at ce.each (https://www.westerngutters.com/wp-includes/js/jquery/jquery.min.js?ver=3.7.1:2:3129)
    at ce.each (https://www.westerngutters.com/wp-includes/js/jquery/jquery.min.js?ver=3.7.1:2:1594)
    at renderRecaptcha (https://www.westerngutters.com/wp-content/plugins/gravityforms/js/gravityforms.min.js?ver=2.9.25:1:30376)
    at https://www.westerngutters.com/wp-content/plugins/gravityforms/js/gravityforms.min.js?ver=2.9.25:1:33346
[    2295ms] Error: Missing required parameters: sitekey
    at Ya.<anonymous> (https://www.gstatic.com/recaptcha/releases/vUgXt_KV952_-5BB2jjloYzl/recaptcha__en.js:261:132)
    at new Ya (https://www.gstatic.com/recaptcha/releases/vUgXt_KV952_-5BB2jjloYzl/recaptcha__en.js:1007:322)
    at Lq.<anonymous> (https://www.gstatic.com/recaptcha/releases/vUgXt_KV952_-5BB2jjloYzl/recaptcha__en.js:593:240)
    at new Lq (https://www.gstatic.com/recaptcha/releases/vUgXt_KV952_-5BB2jjloYzl/recaptcha__en.js:808:55)
    at https://www.gstatic.com/recaptcha/releases/vUgXt_KV952_-5BB2jjloYzl/recaptcha__en.js:383:185
    at HTMLDivElement.<anonymous> (https://www.westerngutters.com/wp-content/plugins/gravityforms/js/gravityforms.min.js?ver=2.9.25:1:30812)
    at ce.each (https://www.westerngutters.com/wp-includes/js/jquery/jquery.min.js?ver=3.7.1:2:3129)
    at ce.each (https://www.westerngutters.com/wp-includes/js/jquery/jquery.min.js?ver=3.7.1:2:1594)
    at renderRecaptcha (https://www.westerngutters.com/wp-content/plugins/gravityforms/js/gravityforms.min.js?ver=2.9.25:1:30376)
    at https://www.westerngutters.com/wp-content/plugins/gravityforms/js/gravityforms.min.js?ver=2.9.25:1:33346
[    2295ms] Error: Missing required parameters: sitekey
    at Ya.<anonymous> (https://www.gstatic.com/recaptcha/releases/vUgXt_KV952_-5BB2jjloYzl/recaptcha__en.js:261:132)
    at new Ya (https://www.gstatic.com/recaptcha/releases/vUgXt_KV952_-5BB2jjloYzl/recaptcha__en.js:1007:322)
    at Lq.<anonymous> (https://www.gstatic.com/recaptcha/releases/vUgXt_KV952_-5BB2jjloYzl/recaptcha__en.js:593:240)
    at new Lq (https://www.gstatic.com/recaptcha/releases/vUgXt_KV952_-5BB2jjloYzl/recaptcha__en.js:808:55)
    at https://www.gstatic.com/recaptcha/releases/vUgXt_KV952_-5BB2jjloYzl/recaptcha__en.js:383:185
    at HTMLDivElement.<anonymous> (https://www.westerngutters.com/wp-content/plugins/gravityforms/js/gravityforms.min.js?ver=2.9.25:1:30812)
    at ce.each (https://www.westerngutters.com/wp-includes/js/jquery/jquery.min.js?ver=3.7.1:2:3129)
    at ce.each (https://www.westerngutters.com/wp-includes/js/jquery/jquery.min.js?ver=3.7.1:2:1594)
    at renderRecaptcha (https://www.westerngutters.com/wp-content/plugins/gravityforms/js/gravityforms.min.js?ver=2.9.25:1:30376)
    at https://www.westerngutters.com/wp-content/plugins/gravityforms/js/gravityforms.min.js?ver=2.9.25:1:33346
[    2394ms] Error: Missing required parameters: sitekey
    at Ya.<anonymous> (https://www.gstatic.com/recaptcha/releases/vUgXt_KV952_-5BB2jjloYzl/recaptcha__en.js:261:132)
    at new Ya (https://www.gstatic.com/recaptcha/releases/vUgXt_KV952_-5BB2jjloYzl/recaptcha__en.js:1007:322)
    at Lq.<anonymous> (https://www.gstatic.com/recaptcha/releases/vUgXt_KV952_-5BB2jjloYzl/recaptcha__en.js:593:240)
    at new Lq (https://www.gstatic.com/recaptcha/releases/vUgXt_KV952_-5BB2jjloYzl/recaptcha__en.js:808:55)
    at https://www.gstatic.com/recaptcha/releases/vUgXt_KV952_-5BB2jjloYzl/recaptcha__en.js:383:185
    at HTMLDivElement.<anonymous> (https://www.westerngutters.com/wp-content/plugins/gravityforms/js/gravityforms.min.js?ver=2.9.25:1:30812)
    at ce.each (https://www.westerngutters.com/wp-includes/js/jquery/jquery.min.js?ver=3.7.1:2:3129)
    at ce.each (https://www.westerngutters.com/wp-includes/js/jquery/jquery.min.js?ver=3.7.1:2:1594)
    at renderRecaptcha (https://www.westerngutters.com/wp-content/plugins/gravityforms/js/gravityforms.min.js?ver=2.9.25:1:30376)
    at https://www.westerngutters.com/wp-content/plugins/gravityforms/js/gravityforms.min.js?ver=2.9.25:1:33346
[    2394ms] Error: Missing required parameters: sitekey
    at Ya.<anonymous> (https://www.gstatic.com/recaptcha/releases/vUgXt_KV952_-5BB2jjloYzl/recaptcha__en.js:261:132)
    at new Ya (https://www.gstatic.com/recaptcha/releases/vUgXt_KV952_-5BB2jjloYzl/recaptcha__en.js:1007:322)
    at Lq.<anonymous> (https://www.gstatic.com/recaptcha/releases/vUgXt_KV952_-5BB2jjloYzl/recaptcha__en.js:593:240)
    at new Lq (https://www.gstatic.com/recaptcha/releases/vUgXt_KV952_-5BB2jjloYzl/recaptcha__en.js:808:55)
    at https://www.gstatic.com/recaptcha/releases/vUgXt_KV952_-5BB2jjloYzl/recaptcha__en.js:383:185
    at HTMLDivElement.<anonymous> (https://www.westerngutters.com/wp-content/plugins/gravityforms/js/gravityforms.min.js?ver=2.9.25:1:30812)
    at ce.each (https://www.westerngutters.com/wp-includes/js/jquery/jquery.min.js?ver=3.7.1:2:3129)
    at ce.each (https://www.westerngutters.com/wp-includes/js/jquery/jquery.min.js?ver=3.7.1:2:1594)
    at renderRecaptcha (https://www.westerngutters.com/wp-content/plugins/gravityforms/js/gravityforms.min.js?ver=2.9.25:1:30376)
    at https://www.westerngutters.com/wp-content/plugins/gravityforms/js/gravityforms.min.js?ver=2.9.25:1:33346
[    2496ms] Error: Missing required parameters: sitekey
    at Ya.<anonymous> (https://www.gstatic.com/recaptcha/releases/vUgXt_KV952_-5BB2jjloYzl/recaptcha__en.js:261:132)
    at new Ya (https://www.gstatic.com/recaptcha/releases/vUgXt_KV952_-5BB2jjloYzl/recaptcha__en.js:1007:322)
    at Lq.<anonymous> (https://www.gstatic.com/recaptcha/releases/vUgXt_KV952_-5BB2jjloYzl/recaptcha__en.js:593:240)
    at new Lq (https://www.gstatic.com/recaptcha/releases/vUgXt_KV952_-5BB2jjloYzl/recaptcha__en.js:808:55)
    at https://www.gstatic.com/recaptcha/releases/vUgXt_KV952_-5BB2jjloYzl/recaptcha__en.js:383:185
    at HTMLDivElement.<anonymous> (https://www.westerngutters.com/wp-content/plugins/gravityforms/js/gravityforms.min.js?ver=2.9.25:1:30812)
    at ce.each (https://www.westerngutters.com/wp-includes/js/jquery/jquery.min.js?ver=3.7.1:2:3129)
    at ce.each (https://www.westerngutters.com/wp-includes/js/jquery/jquery.min.js?ver=3.7.1:2:1594)
    at renderRecaptcha (https://www.westerngutters.com/wp-content/plugins/gravityforms/js/gravityforms.min.js?ver=2.9.25:1:30376)
    at https://www.westerngutters.com/wp-content/plugins/gravityforms/js/gravityforms.min.js?ver=2.9.25:1:33346
[    2496ms] Error: Missing required parameters: sitekey
    at Ya.<anonymous> (https://www.gstatic.com/recaptcha/releases/vUgXt_KV952_-5BB2jjloYzl/recaptcha__en.js:261:132)
    at new Ya (https://www.gstatic.com/recaptcha/releases/vUgXt_KV952_-5BB2jjloYzl/recaptcha__en.js:1007:322)
    at Lq.<anonymous> (https://www.gstatic.com/recaptcha/releases/vUgXt_KV952_-5BB2jjloYzl/recaptcha__en.js:593:240)
    at new Lq (https://www.gstatic.com/recaptcha/releases/vUgXt_KV952_-5BB2jjloYzl/recaptcha__en.js:808:55)
    at https://www.gstatic.com/recaptcha/releases/vUgXt_KV952_-5BB2jjloYzl/recaptcha__en.js:383:185
    at HTMLDivElement.<anonymous> (https://www.westerngutters.com/wp-content/plugins/gravityforms/js/gravityforms.min.js?ver=2.9.25:1:30812)
    at ce.each (https://www.westerngutters.com/wp-includes/js/jquery/jquery.min.js?ver=3.7.1:2:3129)
    at ce.each (https://www.westerngutters.com/wp-includes/js/jquery/jquery.min.js?ver=3.7.1:2:1594)
    at renderRecaptcha (https://www.westerngutters.com/wp-content/plugins/gravityforms/js/gravityforms.min.js?ver=2.9.25:1:30376)
    at https://www.westerngutters.com/wp-content/plugins/gravityforms/js/gravityforms.min.js?ver=2.9.25:1:33346
[    2595ms] Error: Missing required parameters: sitekey
    at Ya.<anonymous> (https://www.gstatic.com/recaptcha/releases/vUgXt_KV952_-5BB2jjloYzl/recaptcha__en.js:261:132)
    at new Ya (https://www.gstatic.com/recaptcha/releases/vUgXt_KV952_-5BB2jjloYzl/recaptcha__en.js:1007:322)
    at Lq.<anonymous> (https://www.gstatic.com/recaptcha/releases/vUgXt_KV952_-5BB2jjloYzl/recaptcha__en.js:593:240)
    at new Lq (https://www.gstatic.com/recaptcha/releases/vUgXt_KV952_-5BB2jjloYzl/recaptcha__en.js:808:55)
    at https://www.gstatic.com/recaptcha/releases/vUgXt_KV952_-5BB2jjloYzl/recaptcha__en.js:383:185
    at HTMLDivElement.<anonymous> (https://www.westerngutters.com/wp-content/plugins/gravityforms/js/gravityforms.min.js?ver=2.9.25:1:30812)
    at ce.each (https://www.westerngutters.com/wp-includes/js/jquery/jquery.min.js?ver=3.7.1:2:3129)
    at ce.each (https://www.westerngutters.com/wp-includes/js/jquery/jquery.min.js?ver=3.7.1:2:1594)
    at renderRecaptcha (https://www.westerngutters.com/wp-content/plugins/gravityforms/js/gravityforms.min.js?ver=2.9.25:1:30376)
    at https://www.westerngutters.com/wp-content/plugins/gravityforms/js/gravityforms.min.js?ver=2.9.25:1:33346
[    2596ms] Error: Missing required parameters: sitekey
    at Ya.<anonymous> (https://www.gstatic.com/recaptcha/releases/vUgXt_KV952_-5BB2jjloYzl/recaptcha__en.js:261:132)
    at new Ya (https://www.gstatic.com/recaptcha/releases/vUgXt_KV952_-5BB2jjloYzl/recaptcha__en.js:1007:322)
    at Lq.<anonymous> (https://www.gstatic.com/recaptcha/releases/vUgXt_KV952_-5BB2jjloYzl/recaptcha__en.js:593:240)
    at new Lq (https://www.gstatic.com/recaptcha/releases/vUgXt_KV952_-5BB2jjloYzl/recaptcha__en.js:808:55)
    at https://www.gstatic.com/recaptcha/releases/vUgXt_KV952_-5BB2jjloYzl/recaptcha__en.js:383:185
    at HTMLDivElement.<anonymous> (https://www.westerngutters.com/wp-content/plugins/gravityforms/js/gravityforms.min.js?ver=2.9.25:1:30812)
    at ce.each (https://www.westerngutters.com/wp-includes/js/jquery/jquery.min.js?ver=3.7.1:2:3129)
    at ce.each (https://www.westerngutters.com/wp-includes/js/jquery/jquery.min.js?ver=3.7.1:2:1594)
    at renderRecaptcha (https://www.westerngutters.com/wp-content/plugins/gravityforms/js/gravityforms.min.js?ver=2.9.25:1:30376)
    at https://www.westerngutters.com/wp-content/plugins/gravityforms/js/gravityforms.min.js?ver=2.9.25:1:33346
[    2695ms] Error: Missing required parameters: sitekey
    at Ya.<anonymous> (https://www.gstatic.com/recaptcha/releases/vUgXt_KV952_-5BB2jjloYzl/recaptcha__en.js:261:132)
    at new Ya (https://www.gstatic.com/recaptcha/releases/vUgXt_KV952_-5BB2jjloYzl/recaptcha__en.js:1007:322)
    at Lq.<anonymous> (https://www.gstatic.com/recaptcha/releases/vUgXt_KV952_-5BB2jjloYzl/recaptcha__en.js:593:240)
    at new Lq (https://www.gstatic.com/recaptcha/releases/vUgXt_KV952_-5BB2jjloYzl/recaptcha__en.js:808:55)
    at https://www.gstatic.com/recaptcha/releases/vUgXt_KV952_-5BB2jjloYzl/recaptcha__en.js:383:185
    at HTMLDivElement.<anonymous> (https://www.westerngutters.com/wp-content/plugins/gravityforms/js/gravityforms.min.js?ver=2.9.25:1:30812)
    at ce.each (https://www.westerngutters.com/wp-includes/js/jquery/jquery.min.js?ver=3.7.1:2:3129)
    at ce.each (https://www.westerngutters.com/wp-includes/js/jquery/jquery.min.js?ver=3.7.1:2:1594)
    at renderRecaptcha (https://www.westerngutters.com/wp-content/plugins/gravityforms/js/gravityforms.min.js?ver=2.9.25:1:30376)
    at https://www.westerngutters.com/wp-content/plugins/gravityforms/js/gravityforms.min.js?ver=2.9.25:1:33346
[    2695ms] Error: Missing required parameters: sitekey
    at Ya.<anonymous> (https://www.gstatic.com/recaptcha/releases/vUgXt_KV952_-5BB2jjloYzl/recaptcha__en.js:261:132)
    at new Ya (https://www.gstatic.com/recaptcha/releases/vUgXt_KV952_-5BB2jjloYzl/recaptcha__en.js:1007:322)
    at Lq.<anonymous> (https://www.gstatic.com/recaptcha/releases/vUgXt_KV952_-5BB2jjloYzl/recaptcha__en.js:593:240)
    at new Lq (https://www.gstatic.com/recaptcha/releases/vUgXt_KV952_-5BB2jjloYzl/recaptcha__en.js:808:55)
    at https://www.gstatic.com/recaptcha/releases/vUgXt_KV952_-5BB2jjloYzl/recaptcha__en.js:383:185
    at HTMLDivElement.<anonymous> (https://www.westerngutters.com/wp-content/plugins/gravityforms/js/gravityforms.min.js?ver=2.9.25:1:30812)
    at ce.each (https://www.westerngutters.com/wp-includes/js/jquery/jquery.min.js?ver=3.7.1:2:3129)
    at ce.each (https://www.westerngutters.com/wp-includes/js/jquery/jquery.min.js?ver=3.7.1:2:1594)
    at renderRecaptcha (https://www.westerngutters.com/wp-content/plugins/gravityforms/js/gravityforms.min.js?ver=2.9.25:1:30376)
    at https://www.westerngutters.com/wp-content/plugins/gravityforms/js/gravityforms.min.js?ver=2.9.25:1:33346
[    2794ms] Error: Missing required parameters: sitekey
    at Ya.<anonymous> (https://www.gstatic.com/recaptcha/releases/vUgXt_KV952_-5BB2jjloYzl/recaptcha__en.js:261:132)
    at new Ya (https://www.gstatic.com/recaptcha/releases/vUgXt_KV952_-5BB2jjloYzl/recaptcha__en.js:1007:322)
    at Lq.<anonymous> (https://www.gstatic.com/recaptcha/releases/vUgXt_KV952_-5BB2jjloYzl/recaptcha__en.js:593:240)
    at new Lq (https://www.gstatic.com/recaptcha/releases/vUgXt_KV952_-5BB2jjloYzl/recaptcha__en.js:808:55)
    at https://www.gstatic.com/recaptcha/releases/vUgXt_KV952_-5BB2jjloYzl/recaptcha__en.js:383:185
    at HTMLDivElement.<anonymous> (https://www.westerngutters.com/wp-content/plugins/gravityforms/js/gravityforms.min.js?ver=2.9.25:1:30812)
    at ce.each (https://www.westerngutters.com/wp-includes/js/jquery/jquery.min.js?ver=3.7.1:2:3129)
    at ce.each (https://www.westerngutters.com/wp-includes/js/jquery/jquery.min.js?ver=3.7.1:2:1594)
    at renderRecaptcha (https://www.westerngutters.com/wp-content/plugins/gravityforms/js/gravityforms.min.js?ver=2.9.25:1:30376)
    at https://www.westerngutters.com/wp-content/plugins/gravityforms/js/gravityforms.min.js?ver=2.9.25:1:33346
[    2794ms] Error: Missing required parameters: sitekey
    at Ya.<anonymous> (https://www.gstatic.com/recaptcha/releases/vUgXt_KV952_-5BB2jjloYzl/recaptcha__en.js:261:132)
    at new Ya (https://www.gstatic.com/recaptcha/releases/vUgXt_KV952_-5BB2jjloYzl/recaptcha__en.js:1007:322)
    at Lq.<anonymous> (https://www.gstatic.com/recaptcha/releases/vUgXt_KV952_-5BB2jjloYzl/recaptcha__en.js:593:240)
    at new Lq (https://www.gstatic.com/recaptcha/releases/vUgXt_KV952_-5BB2jjloYzl/recaptcha__en.js:808:55)
    at https://www.gstatic.com/recaptcha/releases/vUgXt_KV952_-5BB2jjloYzl/recaptcha__en.js:383:185
    at HTMLDivElement.<anonymous> (https://www.westerngutters.com/wp-content/plugins/gravityforms/js/gravityforms.min.js?ver=2.9.25:1:30812)
    at ce.each (https://www.westerngutters.com/wp-includes/js/jquery/jquery.min.js?ver=3.7.1:2:3129)
    at ce.each (https://www.westerngutters.com/wp-includes/js/jquery/jquery.min.js?ver=3.7.1:2:1594)
    at renderRecaptcha (https://www.westerngutters.com/wp-content/plugins/gravityforms/js/gravityforms.min.js?ver=2.9.25:1:30376)
    at https://www.westerngutters.com/wp-content/plugins/gravityforms/js/gravityforms.min.js?ver=2.9.25:1:33346
[    2894ms] Error: Missing required parameters: sitekey
    at Ya.<anonymous> (https://www.gstatic.com/recaptcha/releases/vUgXt_KV952_-5BB2jjloYzl/recaptcha__en.js:261:132)
    at new Ya (https://www.gstatic.com/recaptcha/releases/vUgXt_KV952_-5BB2jjloYzl/recaptcha__en.js:1007:322)
    at Lq.<anonymous> (https://www.gstatic.com/recaptcha/releases/vUgXt_KV952_-5BB2jjloYzl/recaptcha__en.js:593:240)
    at new Lq (https://www.gstatic.com/recaptcha/releases/vUgXt_KV952_-5BB2jjloYzl/recaptcha__en.js:808:55)
    at https://www.gstatic.com/recaptcha/releases/vUgXt_KV952_-5BB2jjloYzl/recaptcha__en.js:383:185
    at HTMLDivElement.<anonymous> (https://www.westerngutters.com/wp-content/plugins/gravityforms/js/gravityforms.min.js?ver=2.9.25:1:30812)
    at ce.each (https://www.westerngutters.com/wp-includes/js/jquery/jquery.min.js?ver=3.7.1:2:3129)
    at ce.each (https://www.westerngutters.com/wp-includes/js/jquery/jquery.min.js?ver=3.7.1:2:1594)
    at renderRecaptcha (https://www.westerngutters.com/wp-content/plugins/gravityforms/js/gravityforms.min.js?ver=2.9.25:1:30376)
    at https://www.westerngutters.com/wp-content/plugins/gravityforms/js/gravityforms.min.js?ver=2.9.25:1:33346
[    2896ms] Error: Missing required parameters: sitekey
    at Ya.<anonymous> (https://www.gstatic.com/recaptcha/releases/vUgXt_KV952_-5BB2jjloYzl/recaptcha__en.js:261:132)
    at new Ya (https://www.gstatic.com/recaptcha/releases/vUgXt_KV952_-5BB2jjloYzl/recaptcha__en.js:1007:322)
    at Lq.<anonymous> (https://www.gstatic.com/recaptcha/releases/vUgXt_KV952_-5BB2jjloYzl/recaptcha__en.js:593:240)
    at new Lq (https://www.gstatic.com/recaptcha/releases/vUgXt_KV952_-5BB2jjloYzl/recaptcha__en.js:808:55)
    at https://www.gstatic.com/recaptcha/releases/vUgXt_KV952_-5BB2jjloYzl/recaptcha__en.js:383:185
    at HTMLDivElement.<anonymous> (https://www.westerngutters.com/wp-content/plugins/gravityforms/js/gravityforms.min.js?ver=2.9.25:1:30812)
    at ce.each (https://www.westerngutters.com/wp-includes/js/jquery/jquery.min.js?ver=3.7.1:2:3129)
    at ce.each (https://www.westerngutters.com/wp-includes/js/jquery/jquery.min.js?ver=3.7.1:2:1594)
    at renderRecaptcha (https://www.westerngutters.com/wp-content/plugins/gravityforms/js/gravityforms.min.js?ver=2.9.25:1:30376)
    at https://www.westerngutters.com/wp-content/plugins/gravityforms/js/gravityforms.min.js?ver=2.9.25:1:33346
[    2994ms] Error: Missing required parameters: sitekey
    at Ya.<anonymous> (https://www.gstatic.com/recaptcha/releases/vUgXt_KV952_-5BB2jjloYzl/recaptcha__en.js:261:132)
    at new Ya (https://www.gstatic.com/recaptcha/releases/vUgXt_KV952_-5BB2jjloYzl/recaptcha__en.js:1007:322)
    at Lq.<anonymous> (https://www.gstatic.com/recaptcha/releases/vUgXt_KV952_-5BB2jjloYzl/recaptcha__en.js:593:240)
    at new Lq (https://www.gstatic.com/recaptcha/releases/vUgXt_KV952_-5BB2jjloYzl/recaptcha__en.js:808:55)
    at https://www.gstatic.com/recaptcha/releases/vUgXt_KV952_-5BB2jjloYzl/recaptcha__en.js:383:185
    at HTMLDivElement.<anonymous> (https://www.westerngutters.com/wp-content/plugins/gravityforms/js/gravityforms.min.js?ver=2.9.25:1:30812)
    at ce.each (https://www.westerngutters.com/wp-includes/js/jquery/jquery.min.js?ver=3.7.1:2:3129)
    at ce.each (https://www.westerngutters.com/wp-includes/js/jquery/jquery.min.js?ver=3.7.1:2:1594)
    at renderRecaptcha (https://www.westerngutters.com/wp-content/plugins/gravityforms/js/gravityforms.min.js?ver=2.9.25:1:30376)
    at https://www.westerngutters.com/wp-content/plugins/gravityforms/js/gravityforms.min.js?ver=2.9.25:1:33346
[    2995ms] Error: Missing required parameters: sitekey
    at Ya.<anonymous> (https://www.gstatic.com/recaptcha/releases/vUgXt_KV952_-5BB2jjloYzl/recaptcha__en.js:261:132)
    at new Ya (https://www.gstatic.com/recaptcha/releases/vUgXt_KV952_-5BB2jjloYzl/recaptcha__en.js:1007:322)
    at Lq.<anonymous> (https://www.gstatic.com/recaptcha/releases/vUgXt_KV952_-5BB2jjloYzl/recaptcha__en.js:593:240)
    at new Lq (https://www.gstatic.com/recaptcha/releases/vUgXt_KV952_-5BB2jjloYzl/recaptcha__en.js:808:55)
    at https://www.gstatic.com/recaptcha/releases/vUgXt_KV952_-5BB2jjloYzl/recaptcha__en.js:383:185
    at HTMLDivElement.<anonymous> (https://www.westerngutters.com/wp-content/plugins/gravityforms/js/gravityforms.min.js?ver=2.9.25:1:30812)
    at ce.each (https://www.westerngutters.com/wp-includes/js/jquery/jquery.min.js?ver=3.7.1:2:3129)
    at ce.each (https://www.westerngutters.com/wp-includes/js/jquery/jquery.min.js?ver=3.7.1:2:1594)
    at renderRecaptcha (https://www.westerngutters.com/wp-content/plugins/gravityforms/js/gravityforms.min.js?ver=2.9.25:1:30376)
    at https://www.westerngutters.com/wp-content/plugins/gravityforms/js/gravityforms.min.js?ver=2.9.25:1:33346
[    3094ms] Error: Missing required parameters: sitekey
    at Ya.<anonymous> (https://www.gstatic.com/recaptcha/releases/vUgXt_KV952_-5BB2jjloYzl/recaptcha__en.js:261:132)
    at new Ya (https://www.gstatic.com/recaptcha/releases/vUgXt_KV952_-5BB2jjloYzl/recaptcha__en.js:1007:322)
    at Lq.<anonymous> (https://www.gstatic.com/recaptcha/releases/vUgXt_KV952_-5BB2jjloYzl/recaptcha__en.js:593:240)
    at new Lq (https://www.gstatic.com/recaptcha/releases/vUgXt_KV952_-5BB2jjloYzl/recaptcha__en.js:808:55)
    at https://www.gstatic.com/recaptcha/releases/vUgXt_KV952_-5BB2jjloYzl/recaptcha__en.js:383:185
    at HTMLDivElement.<anonymous> (https://www.westerngutters.com/wp-content/plugins/gravityforms/js/gravityforms.min.js?ver=2.9.25:1:30812)
    at ce.each (https://www.westerngutters.com/wp-includes/js/jquery/jquery.min.js?ver=3.7.1:2:3129)
    at ce.each (https://www.westerngutters.com/wp-includes/js/jquery/jquery.min.js?ver=3.7.1:2:1594)
    at renderRecaptcha (https://www.westerngutters.com/wp-content/plugins/gravityforms/js/gravityforms.min.js?ver=2.9.25:1:30376)
    at https://www.westerngutters.com/wp-content/plugins/gravityforms/js/gravityforms.min.js?ver=2.9.25:1:33346
[    3095ms] Error: Missing required parameters: sitekey
    at Ya.<anonymous> (https://www.gstatic.com/recaptcha/releases/vUgXt_KV952_-5BB2jjloYzl/recaptcha__en.js:261:132)
    at new Ya (https://www.gstatic.com/recaptcha/releases/vUgXt_KV952_-5BB2jjloYzl/recaptcha__en.js:1007:322)
    at Lq.<anonymous> (https://www.gstatic.com/recaptcha/releases/vUgXt_KV952_-5BB2jjloYzl/recaptcha__en.js:593:240)
    at new Lq (https://www.gstatic.com/recaptcha/releases/vUgXt_KV952_-5BB2jjloYzl/recaptcha__en.js:808:55)
    at https://www.gstatic.com/recaptcha/releases/vUgXt_KV952_-5BB2jjloYzl/recaptcha__en.js:383:185
    at HTMLDivElement.<anonymous> (https://www.westerngutters.com/wp-content/plugins/gravityforms/js/gravityforms.min.js?ver=2.9.25:1:30812)
    at ce.each (https://www.westerngutters.com/wp-includes/js/jquery/jquery.min.js?ver=3.7.1:2:3129)
    at ce.each (https://www.westerngutters.com/wp-includes/js/jquery/jquery.min.js?ver=3.7.1:2:1594)
    at renderRecaptcha (https://www.westerngutters.com/wp-content/plugins/gravityforms/js/gravityforms.min.js?ver=2.9.25:1:30376)
    at https://www.westerngutters.com/wp-content/plugins/gravityforms/js/gravityforms.min.js?ver=2.9.25:1:33346
